;  LST file generated by mikroListExporter - v.2.0 
; Date/Time: 7/2/2012 5:34:19 PM
;----------------------------------------------

;Address Opcode 	ASM
0x0000	0xF001EF6A  	GOTO        724
_interrupt:
;gps.c,28 :: 		interrupt()
0x0008	0xF015C000  	MOVFF       R0, 21
;gps.c,30 :: 		rr = UART1_Read();
0x000C	0xD88C      	RCALL       _UART1_Read
0x000E	0xF01DC000  	MOVFF       R0, _rr
;gps.c,31 :: 		switch(rr)
0x0012	0xD016      	BRA         L_interrupt0
;gps.c,33 :: 		case '$':
L_interrupt2:
;gps.c,35 :: 		v=1;
0x0014	0x0E01      	MOVLW       1
0x0016	0x6E16      	MOVWF       _v 
;gps.c,36 :: 		i=0;
0x0018	0x6A27      	CLRF        _i 
0x001A	0x6A28      	CLRF        _i+1 
;gps.c,37 :: 		break;
0x001C	0xD01D      	BRA         L_interrupt1
;gps.c,40 :: 		case 'G':
L_interrupt3:
;gps.c,42 :: 		if(v<6)
0x001E	0x0E06      	MOVLW       6
0x0020	0x5C16      	SUBWF       _v, 0 
0x0022	0xE202      	BC          L_interrupt4
;gps.c,44 :: 		v++;
0x0024	0x2A16      	INCF        _v, 1 
;gps.c,45 :: 		break;
0x0026	0xD018      	BRA         L_interrupt1
;gps.c,46 :: 		}
L_interrupt4:
;gps.c,48 :: 		case 'P':
L_interrupt5:
;gps.c,50 :: 		if(v==2)
0x0028	0x5016      	MOVF        _v, 0 
0x002A	0x0A02      	XORLW       2
0x002C	0xE102      	BNZ         L_interrupt6
;gps.c,51 :: 		v=3;
0x002E	0x0E03      	MOVLW       3
0x0030	0x6E16      	MOVWF       _v 
L_interrupt6:
;gps.c,52 :: 		break;
0x0032	0xD012      	BRA         L_interrupt1
;gps.c,55 :: 		case 'A':
L_interrupt7:
;gps.c,57 :: 		if(v==5)
0x0034	0x5016      	MOVF        _v, 0 
0x0036	0x0A05      	XORLW       5
0x0038	0xE102      	BNZ         L_interrupt8
;gps.c,58 :: 		v=6;
0x003A	0x0E06      	MOVLW       6
0x003C	0x6E16      	MOVWF       _v 
L_interrupt8:
;gps.c,59 :: 		break;
0x003E	0xD00C      	BRA         L_interrupt1
;gps.c,61 :: 		}
L_interrupt0:
0x0040	0x501D      	MOVF        _rr, 0 
0x0042	0x0A24      	XORLW       36
0x0044	0xE0E7      	BZ          L_interrupt2
0x0046	0x501D      	MOVF        _rr, 0 
0x0048	0x0A47      	XORLW       71
0x004A	0xE0E9      	BZ          L_interrupt3
0x004C	0x501D      	MOVF        _rr, 0 
0x004E	0x0A50      	XORLW       80
0x0050	0xE0EB      	BZ          L_interrupt5
0x0052	0x501D      	MOVF        _rr, 0 
0x0054	0x0A41      	XORLW       65
0x0056	0xE0EE      	BZ          L_interrupt7
L_interrupt1:
;gps.c,62 :: 		if (v==6){
0x0058	0x5016      	MOVF        _v, 0 
0x005A	0x0A06      	XORLW       6
0x005C	0xE10A      	BNZ         L_interrupt9
;gps.c,63 :: 		i++;
0x005E	0x4A27      	INFSNZ      _i, 1 
0x0060	0x2A28      	INCF        _i+1, 1 
;gps.c,64 :: 		rec[i] = rr;
0x0062	0x0E29      	MOVLW       _rec
0x0064	0x2427      	ADDWF       _i, 0 
0x0066	0x6EE1      	MOVWF       FSR1L 
0x0068	0x0E00      	MOVLW       hi_addr(_rec)
0x006A	0x2028      	ADDWFC      _i+1, 0 
0x006C	0x6EE2      	MOVWF       FSR1H 
0x006E	0xFFE6C01D  	MOVFF       _rr, POSTINC1
;gps.c,65 :: 		}
L_interrupt9:
;gps.c,67 :: 		}
L__interrupt20:
0x0072	0xF000C015  	MOVFF       21, R0
0x0076	0x0011      	RETFIE      1
; end of _interrupt
_Delay_1us:
;__Lib_Delays.c,7 :: 		void Delay_1us() {
;__Lib_Delays.c,8 :: 		Delay_us(1);
0x0078	0x0000      	NOP
;__Lib_Delays.c,9 :: 		}
0x007A	0x0012      	RETURN      0
; end of _Delay_1us
_Delay_5500us:
;__Lib_Delays.c,31 :: 		void Delay_5500us() {
;__Lib_Delays.c,32 :: 		Delay_us(5500);
0x007C	0x0E08      	MOVLW       8
0x007E	0x6E0C      	MOVWF       R12, 0
0x0080	0x0E23      	MOVLW       35
0x0082	0x6E0D      	MOVWF       R13, 0
L_Delay_5500us5:
0x0084	0x2E0D      	DECFSZ      R13, 1, 0
0x0086	0xD7FE      	BRA         L_Delay_5500us5
0x0088	0x2E0C      	DECFSZ      R12, 1, 0
0x008A	0xD7FC      	BRA         L_Delay_5500us5
;__Lib_Delays.c,33 :: 		}
0x008C	0x0012      	RETURN      0
; end of _Delay_5500us
_Delay_50us:
;__Lib_Delays.c,19 :: 		void Delay_50us() {
;__Lib_Delays.c,20 :: 		Delay_us(50);
0x008E	0x0E10      	MOVLW       16
0x0090	0x6E0D      	MOVWF       R13, 0
L_Delay_50us2:
0x0092	0x2E0D      	DECFSZ      R13, 1, 0
0x0094	0xD7FE      	BRA         L_Delay_50us2
0x0096	0x0000      	NOP
;__Lib_Delays.c,21 :: 		}
0x0098	0x0012      	RETURN      0
; end of _Delay_50us
_Lcd_Cmd:
;__Lib_Lcd.c,18 :: 		
;__Lib_Lcd.c,20 :: 		
0x009A	0x0100      	MOVLB       0
0x009C	0xBF88      	BTFSC       FARG_Lcd_Cmd_out_char, 7, 1
0x009E	0xD002      	BRA         L__Lcd_Cmd20
0x00A0	0x9481      	BCF         LCD_D7, BitPos(LCD_D7+0) 
0x00A2	0xD001      	BRA         L__Lcd_Cmd21
L__Lcd_Cmd20:
0x00A4	0x8481      	BSF         LCD_D7, BitPos(LCD_D7+0) 
L__Lcd_Cmd21:
;__Lib_Lcd.c,21 :: 		
0x00A6	0xBD88      	BTFSC       FARG_Lcd_Cmd_out_char, 6, 1
0x00A8	0xD002      	BRA         L__Lcd_Cmd22
0x00AA	0x9681      	BCF         LCD_D6, BitPos(LCD_D6+0) 
0x00AC	0xD001      	BRA         L__Lcd_Cmd23
L__Lcd_Cmd22:
0x00AE	0x8681      	BSF         LCD_D6, BitPos(LCD_D6+0) 
L__Lcd_Cmd23:
;__Lib_Lcd.c,22 :: 		
0x00B0	0xBB88      	BTFSC       FARG_Lcd_Cmd_out_char, 5, 1
0x00B2	0xD002      	BRA         L__Lcd_Cmd24
0x00B4	0x9881      	BCF         LCD_D5, BitPos(LCD_D5+0) 
0x00B6	0xD001      	BRA         L__Lcd_Cmd25
L__Lcd_Cmd24:
0x00B8	0x8881      	BSF         LCD_D5, BitPos(LCD_D5+0) 
L__Lcd_Cmd25:
;__Lib_Lcd.c,23 :: 		
0x00BA	0xB988      	BTFSC       FARG_Lcd_Cmd_out_char, 4, 1
0x00BC	0xD002      	BRA         L__Lcd_Cmd26
0x00BE	0x9A81      	BCF         LCD_D4, BitPos(LCD_D4+0) 
0x00C0	0xD001      	BRA         L__Lcd_Cmd27
L__Lcd_Cmd26:
0x00C2	0x8A81      	BSF         LCD_D4, BitPos(LCD_D4+0) 
L__Lcd_Cmd27:
;__Lib_Lcd.c,25 :: 		
0x00C4	0xB07B      	BTFSC       __Lib_Lcd_cmd_status, BitPos(__Lib_Lcd_cmd_status+0) 
0x00C6	0xD002      	BRA         L__Lcd_Cmd28
0x00C8	0x8E81      	BSF         LCD_RS, BitPos(LCD_RS+0) 
0x00CA	0xD001      	BRA         L__Lcd_Cmd29
L__Lcd_Cmd28:
0x00CC	0x9E81      	BCF         LCD_RS, BitPos(LCD_RS+0) 
L__Lcd_Cmd29:
;__Lib_Lcd.c,28 :: 		
0x00CE	0x8C81      	BSF         LCD_EN, BitPos(LCD_EN+0) 
;__Lib_Lcd.c,29 :: 		
0x00D0	0xDFD3      	RCALL       _Delay_1us
;__Lib_Lcd.c,30 :: 		
0x00D2	0x9C81      	BCF         LCD_EN, BitPos(LCD_EN+0) 
;__Lib_Lcd.c,33 :: 		
0x00D4	0xB788      	BTFSC       FARG_Lcd_Cmd_out_char, 3, 1
0x00D6	0xD002      	BRA         L__Lcd_Cmd30
0x00D8	0x9481      	BCF         LCD_D7, BitPos(LCD_D7+0) 
0x00DA	0xD001      	BRA         L__Lcd_Cmd31
L__Lcd_Cmd30:
0x00DC	0x8481      	BSF         LCD_D7, BitPos(LCD_D7+0) 
L__Lcd_Cmd31:
;__Lib_Lcd.c,34 :: 		
0x00DE	0xB588      	BTFSC       FARG_Lcd_Cmd_out_char, 2, 1
0x00E0	0xD002      	BRA         L__Lcd_Cmd32
0x00E2	0x9681      	BCF         LCD_D6, BitPos(LCD_D6+0) 
0x00E4	0xD001      	BRA         L__Lcd_Cmd33
L__Lcd_Cmd32:
0x00E6	0x8681      	BSF         LCD_D6, BitPos(LCD_D6+0) 
L__Lcd_Cmd33:
;__Lib_Lcd.c,35 :: 		
0x00E8	0xB388      	BTFSC       FARG_Lcd_Cmd_out_char, 1, 1
0x00EA	0xD002      	BRA         L__Lcd_Cmd34
0x00EC	0x9881      	BCF         LCD_D5, BitPos(LCD_D5+0) 
0x00EE	0xD001      	BRA         L__Lcd_Cmd35
L__Lcd_Cmd34:
0x00F0	0x8881      	BSF         LCD_D5, BitPos(LCD_D5+0) 
L__Lcd_Cmd35:
;__Lib_Lcd.c,36 :: 		
0x00F2	0xB188      	BTFSC       FARG_Lcd_Cmd_out_char, 0, 1
0x00F4	0xD002      	BRA         L__Lcd_Cmd36
0x00F6	0x9A81      	BCF         LCD_D4, BitPos(LCD_D4+0) 
0x00F8	0xD001      	BRA         L__Lcd_Cmd37
L__Lcd_Cmd36:
0x00FA	0x8A81      	BSF         LCD_D4, BitPos(LCD_D4+0) 
L__Lcd_Cmd37:
;__Lib_Lcd.c,38 :: 		
0x00FC	0xB07B      	BTFSC       __Lib_Lcd_cmd_status, BitPos(__Lib_Lcd_cmd_status+0) 
0x00FE	0xD002      	BRA         L__Lcd_Cmd38
0x0100	0x8E81      	BSF         LCD_RS, BitPos(LCD_RS+0) 
0x0102	0xD001      	BRA         L__Lcd_Cmd39
L__Lcd_Cmd38:
0x0104	0x9E81      	BCF         LCD_RS, BitPos(LCD_RS+0) 
L__Lcd_Cmd39:
;__Lib_Lcd.c,40 :: 		
0x0106	0x8C81      	BSF         LCD_EN, BitPos(LCD_EN+0) 
;__Lib_Lcd.c,41 :: 		
0x0108	0xDFB7      	RCALL       _Delay_1us
;__Lib_Lcd.c,42 :: 		
0x010A	0x9C81      	BCF         LCD_EN, BitPos(LCD_EN+0) 
;__Lib_Lcd.c,44 :: 		
0x010C	0xA07B      	BTFSS       __Lib_Lcd_cmd_status, BitPos(__Lib_Lcd_cmd_status+0) 
0x010E	0xD002      	BRA         L_Lcd_Cmd0
;__Lib_Lcd.c,45 :: 		
0x0110	0xDFB5      	RCALL       _Delay_5500us
0x0112	0xD001      	BRA         L_Lcd_Cmd1
L_Lcd_Cmd0:
;__Lib_Lcd.c,47 :: 		
0x0114	0xDFBC      	RCALL       _Delay_50us
L_Lcd_Cmd1:
;__Lib_Lcd.c,48 :: 		
0x0116	0x0012      	RETURN      0
; end of _Lcd_Cmd
_UART1_Write:
;__Lib_UART_c67.c,59 :: 		
;__Lib_UART_c67.c,60 :: 		
L_UART1_Write3:
0x0118	0xB2AC      	BTFSC       TXSTA, 1 
0x011A	0xD002      	BRA         L_UART1_Write4
;__Lib_UART_c67.c,61 :: 		
0x011C	0x0000      	NOP
0x011E	0xD7FC      	BRA         L_UART1_Write3
L_UART1_Write4:
;__Lib_UART_c67.c,62 :: 		
0x0120	0xFFADC088  	MOVFF       FARG_UART1_Write_data_, TXREG
;__Lib_UART_c67.c,63 :: 		
0x0124	0x0012      	RETURN      0
; end of _UART1_Write
_UART1_Read:
;__Lib_UART_c67.c,40 :: 		
;__Lib_UART_c67.c,43 :: 		
0x0126	0xF026CFAE  	MOVFF       RCREG, ___tmp_UART1_Read
;__Lib_UART_c67.c,44 :: 		
0x012A	0xA2AB      	BTFSS       RCSTA, 1 
0x012C	0xD002      	BRA         L_UART1_Read2
;__Lib_UART_c67.c,45 :: 		
0x012E	0x98AB      	BCF         RCSTA, 4 
;__Lib_UART_c67.c,46 :: 		
0x0130	0x88AB      	BSF         RCSTA, 4 
;__Lib_UART_c67.c,47 :: 		
L_UART1_Read2:
;__Lib_UART_c67.c,48 :: 		
0x0132	0xF000C026  	MOVFF       ___tmp_UART1_Read, R0
;__Lib_UART_c67.c,49 :: 		
0x0136	0x0012      	RETURN      0
; end of _UART1_Read
_Lcd_Chr:
;__Lib_Lcd.c,65 :: 		
;__Lib_Lcd.c,66 :: 		
0x0138	0xD010      	BRA         L_Lcd_Chr4
;__Lib_Lcd.c,67 :: 		
L_Lcd_Chr6:
0x013A	0x0E80      	MOVLW       128
0x013C	0x0100      	MOVLB       0
0x013E	0x6F85      	MOVWF       FARG_Lcd_Chr_row, 1
0x0140	0xD01A      	BRA         L_Lcd_Chr5
;__Lib_Lcd.c,68 :: 		
L_Lcd_Chr7:
0x0142	0x0EC0      	MOVLW       192
0x0144	0x6F85      	MOVWF       FARG_Lcd_Chr_row, 1
0x0146	0xD017      	BRA         L_Lcd_Chr5
;__Lib_Lcd.c,69 :: 		
L_Lcd_Chr8:
0x0148	0x0E94      	MOVLW       148
0x014A	0x6F85      	MOVWF       FARG_Lcd_Chr_row, 1
0x014C	0xD014      	BRA         L_Lcd_Chr5
;__Lib_Lcd.c,70 :: 		
L_Lcd_Chr9:
0x014E	0x0ED4      	MOVLW       212
0x0150	0x6F85      	MOVWF       FARG_Lcd_Chr_row, 1
0x0152	0xD011      	BRA         L_Lcd_Chr5
;__Lib_Lcd.c,71 :: 		
L_Lcd_Chr10:
0x0154	0x0E80      	MOVLW       128
0x0156	0x6F85      	MOVWF       FARG_Lcd_Chr_row, 1
;__Lib_Lcd.c,72 :: 		
0x0158	0xD00E      	BRA         L_Lcd_Chr5
L_Lcd_Chr4:
0x015A	0x0100      	MOVLB       0
0x015C	0x5185      	MOVF        FARG_Lcd_Chr_row, 0, 1
0x015E	0x0A01      	XORLW       1
0x0160	0xE0EC      	BZ          L_Lcd_Chr6
0x0162	0x5185      	MOVF        FARG_Lcd_Chr_row, 0, 1
0x0164	0x0A02      	XORLW       2
0x0166	0xE0ED      	BZ          L_Lcd_Chr7
0x0168	0x5185      	MOVF        FARG_Lcd_Chr_row, 0, 1
0x016A	0x0A03      	XORLW       3
0x016C	0xE0ED      	BZ          L_Lcd_Chr8
0x016E	0x5185      	MOVF        FARG_Lcd_Chr_row, 0, 1
0x0170	0x0A04      	XORLW       4
0x0172	0xE0ED      	BZ          L_Lcd_Chr9
0x0174	0xD7EF      	BRA         L_Lcd_Chr10
L_Lcd_Chr5:
;__Lib_Lcd.c,74 :: 		
0x0176	0x0586      	DECF        FARG_Lcd_Chr_column, 0, 1
0x0178	0x6E00      	MOVWF       R0 
0x017A	0x5185      	MOVF        FARG_Lcd_Chr_row, 0, 1
0x017C	0x2600      	ADDWF       R0, 1 
0x017E	0xF085C000  	MOVFF       R0, FARG_Lcd_Chr_row
;__Lib_Lcd.c,76 :: 		
0x0182	0x807B      	BSF         __Lib_Lcd_cmd_status, BitPos(__Lib_Lcd_cmd_status+0) 
;__Lib_Lcd.c,77 :: 		
0x0184	0xF088C000  	MOVFF       R0, FARG_Lcd_Cmd_out_char
0x0188	0xDF88      	RCALL       _Lcd_Cmd
;__Lib_Lcd.c,79 :: 		
0x018A	0x907B      	BCF         __Lib_Lcd_cmd_status, BitPos(__Lib_Lcd_cmd_status+0) 
;__Lib_Lcd.c,80 :: 		
0x018C	0xF088C087  	MOVFF       FARG_Lcd_Chr_out_char, FARG_Lcd_Cmd_out_char
0x0190	0xDF84      	RCALL       _Lcd_Cmd
;__Lib_Lcd.c,81 :: 		
0x0192	0x807B      	BSF         __Lib_Lcd_cmd_status, BitPos(__Lib_Lcd_cmd_status+0) 
;__Lib_Lcd.c,82 :: 		
0x0194	0x0012      	RETURN      0
; end of _Lcd_Chr
_Lcd_Init:
;__Lib_Lcd.c,84 :: 		
;__Lib_Lcd.c,86 :: 		
0x0196	0x9C93      	BCF         LCD_EN_Direction, BitPos(LCD_EN_Direction+0) 
;__Lib_Lcd.c,87 :: 		
0x0198	0x9E93      	BCF         LCD_RS_Direction, BitPos(LCD_RS_Direction+0) 
;__Lib_Lcd.c,88 :: 		
0x019A	0x9A93      	BCF         LCD_D4_Direction, BitPos(LCD_D4_Direction+0) 
;__Lib_Lcd.c,89 :: 		
0x019C	0x9893      	BCF         LCD_D5_Direction, BitPos(LCD_D5_Direction+0) 
;__Lib_Lcd.c,90 :: 		
0x019E	0x9693      	BCF         LCD_D6_Direction, BitPos(LCD_D6_Direction+0) 
;__Lib_Lcd.c,91 :: 		
0x01A0	0x9493      	BCF         LCD_D7_Direction, BitPos(LCD_D7_Direction+0) 
;__Lib_Lcd.c,93 :: 		
0x01A2	0x9C81      	BCF         LCD_EN, BitPos(LCD_EN+0) 
;__Lib_Lcd.c,94 :: 		
0x01A4	0x9E81      	BCF         LCD_RS, BitPos(LCD_RS+0) 
;__Lib_Lcd.c,95 :: 		
0x01A6	0x9481      	BCF         LCD_D7, BitPos(LCD_D7+0) 
;__Lib_Lcd.c,96 :: 		
0x01A8	0x9681      	BCF         LCD_D6, BitPos(LCD_D6+0) 
;__Lib_Lcd.c,97 :: 		
0x01AA	0x9881      	BCF         LCD_D5, BitPos(LCD_D5+0) 
;__Lib_Lcd.c,98 :: 		
0x01AC	0x9A81      	BCF         LCD_D4, BitPos(LCD_D4+0) 
;__Lib_Lcd.c,100 :: 		
0x01AE	0xDF66      	RCALL       _Delay_5500us
;__Lib_Lcd.c,101 :: 		
0x01B0	0xDF65      	RCALL       _Delay_5500us
;__Lib_Lcd.c,102 :: 		
0x01B2	0xDF64      	RCALL       _Delay_5500us
;__Lib_Lcd.c,105 :: 		
0x01B4	0x8881      	BSF         LCD_D5, BitPos(LCD_D5+0) 
;__Lib_Lcd.c,106 :: 		
0x01B6	0x8A81      	BSF         LCD_D4, BitPos(LCD_D4+0) 
;__Lib_Lcd.c,107 :: 		
0x01B8	0x8C81      	BSF         LCD_EN, BitPos(LCD_EN+0) 
;__Lib_Lcd.c,108 :: 		
0x01BA	0xDF5E      	RCALL       _Delay_1us
;__Lib_Lcd.c,109 :: 		
0x01BC	0x9C81      	BCF         LCD_EN, BitPos(LCD_EN+0) 
;__Lib_Lcd.c,110 :: 		
0x01BE	0xDF5E      	RCALL       _Delay_5500us
;__Lib_Lcd.c,112 :: 		
0x01C0	0x8C81      	BSF         LCD_EN, BitPos(LCD_EN+0) 
;__Lib_Lcd.c,113 :: 		
0x01C2	0xDF5A      	RCALL       _Delay_1us
;__Lib_Lcd.c,114 :: 		
0x01C4	0x9C81      	BCF         LCD_EN, BitPos(LCD_EN+0) 
;__Lib_Lcd.c,115 :: 		
0x01C6	0xDF5A      	RCALL       _Delay_5500us
;__Lib_Lcd.c,117 :: 		
0x01C8	0x8C81      	BSF         LCD_EN, BitPos(LCD_EN+0) 
;__Lib_Lcd.c,118 :: 		
0x01CA	0xDF56      	RCALL       _Delay_1us
;__Lib_Lcd.c,119 :: 		
0x01CC	0x9C81      	BCF         LCD_EN, BitPos(LCD_EN+0) 
;__Lib_Lcd.c,120 :: 		
0x01CE	0xDF56      	RCALL       _Delay_5500us
;__Lib_Lcd.c,123 :: 		
0x01D0	0x9A81      	BCF         LCD_D4, BitPos(LCD_D4+0) 
;__Lib_Lcd.c,124 :: 		
0x01D2	0x8C81      	BSF         LCD_EN, BitPos(LCD_EN+0) 
;__Lib_Lcd.c,125 :: 		
0x01D4	0xDF51      	RCALL       _Delay_1us
;__Lib_Lcd.c,126 :: 		
0x01D6	0x9C81      	BCF         LCD_EN, BitPos(LCD_EN+0) 
;__Lib_Lcd.c,127 :: 		
0x01D8	0xDF51      	RCALL       _Delay_5500us
;__Lib_Lcd.c,130 :: 		
0x01DA	0x8C81      	BSF         LCD_EN, BitPos(LCD_EN+0) 
;__Lib_Lcd.c,131 :: 		
0x01DC	0xDF4D      	RCALL       _Delay_1us
;__Lib_Lcd.c,132 :: 		
0x01DE	0x9C81      	BCF         LCD_EN, BitPos(LCD_EN+0) 
;__Lib_Lcd.c,134 :: 		
0x01E0	0x9881      	BCF         LCD_D5, BitPos(LCD_D5+0) 
;__Lib_Lcd.c,135 :: 		
0x01E2	0x8481      	BSF         LCD_D7, BitPos(LCD_D7+0) 
;__Lib_Lcd.c,136 :: 		
0x01E4	0x8C81      	BSF         LCD_EN, BitPos(LCD_EN+0) 
;__Lib_Lcd.c,137 :: 		
0x01E6	0xDF48      	RCALL       _Delay_1us
;__Lib_Lcd.c,138 :: 		
0x01E8	0x9C81      	BCF         LCD_EN, BitPos(LCD_EN+0) 
;__Lib_Lcd.c,139 :: 		
0x01EA	0xDF48      	RCALL       _Delay_5500us
;__Lib_Lcd.c,142 :: 		
0x01EC	0x9481      	BCF         LCD_D7, BitPos(LCD_D7+0) 
;__Lib_Lcd.c,143 :: 		
0x01EE	0x8A81      	BSF         LCD_D4, BitPos(LCD_D4+0) 
;__Lib_Lcd.c,144 :: 		
0x01F0	0x8C81      	BSF         LCD_EN, BitPos(LCD_EN+0) 
;__Lib_Lcd.c,145 :: 		
0x01F2	0xDF42      	RCALL       _Delay_1us
;__Lib_Lcd.c,146 :: 		
0x01F4	0x9C81      	BCF         LCD_EN, BitPos(LCD_EN+0) 
;__Lib_Lcd.c,148 :: 		
0x01F6	0x9A81      	BCF         LCD_D4, BitPos(LCD_D4+0) 
;__Lib_Lcd.c,149 :: 		
0x01F8	0x8C81      	BSF         LCD_EN, BitPos(LCD_EN+0) 
;__Lib_Lcd.c,150 :: 		
0x01FA	0xDF3E      	RCALL       _Delay_1us
;__Lib_Lcd.c,151 :: 		
0x01FC	0x9C81      	BCF         LCD_EN, BitPos(LCD_EN+0) 
;__Lib_Lcd.c,152 :: 		
0x01FE	0xDF3E      	RCALL       _Delay_5500us
;__Lib_Lcd.c,155 :: 		
0x0200	0x8C81      	BSF         LCD_EN, BitPos(LCD_EN+0) 
;__Lib_Lcd.c,156 :: 		
0x0202	0xDF3A      	RCALL       _Delay_1us
;__Lib_Lcd.c,157 :: 		
0x0204	0x9C81      	BCF         LCD_EN, BitPos(LCD_EN+0) 
;__Lib_Lcd.c,159 :: 		
0x0206	0x8A81      	BSF         LCD_D4, BitPos(LCD_D4+0) 
;__Lib_Lcd.c,160 :: 		
0x0208	0x8C81      	BSF         LCD_EN, BitPos(LCD_EN+0) 
;__Lib_Lcd.c,161 :: 		
0x020A	0xDF36      	RCALL       _Delay_1us
;__Lib_Lcd.c,162 :: 		
0x020C	0x9C81      	BCF         LCD_EN, BitPos(LCD_EN+0) 
;__Lib_Lcd.c,163 :: 		
0x020E	0xDF36      	RCALL       _Delay_5500us
;__Lib_Lcd.c,166 :: 		
0x0210	0x9A81      	BCF         LCD_D4, BitPos(LCD_D4+0) 
;__Lib_Lcd.c,167 :: 		
0x0212	0x8C81      	BSF         LCD_EN, BitPos(LCD_EN+0) 
;__Lib_Lcd.c,168 :: 		
0x0214	0xDF31      	RCALL       _Delay_1us
;__Lib_Lcd.c,169 :: 		
0x0216	0x9C81      	BCF         LCD_EN, BitPos(LCD_EN+0) 
;__Lib_Lcd.c,171 :: 		
0x0218	0x8481      	BSF         LCD_D7, BitPos(LCD_D7+0) 
;__Lib_Lcd.c,172 :: 		
0x021A	0x8681      	BSF         LCD_D6, BitPos(LCD_D6+0) 
;__Lib_Lcd.c,173 :: 		
0x021C	0x8881      	BSF         LCD_D5, BitPos(LCD_D5+0) 
;__Lib_Lcd.c,174 :: 		
0x021E	0x8A81      	BSF         LCD_D4, BitPos(LCD_D4+0) 
;__Lib_Lcd.c,175 :: 		
0x0220	0x8C81      	BSF         LCD_EN, BitPos(LCD_EN+0) 
;__Lib_Lcd.c,176 :: 		
0x0222	0xDF2A      	RCALL       _Delay_1us
;__Lib_Lcd.c,177 :: 		
0x0224	0x9C81      	BCF         LCD_EN, BitPos(LCD_EN+0) 
;__Lib_Lcd.c,179 :: 		
0x0226	0xDF2A      	RCALL       _Delay_5500us
;__Lib_Lcd.c,181 :: 		
0x0228	0x807B      	BSF         __Lib_Lcd_cmd_status, BitPos(__Lib_Lcd_cmd_status+0) 
;__Lib_Lcd.c,182 :: 		
0x022A	0x0012      	RETURN      0
; end of _Lcd_Init
___CC2DW:
;__Lib_System.c,21 :: 		
;__Lib_System.c,23 :: 		
_CC2DL_Loop1:
;__Lib_System.c,24 :: 		
0x022C	0x0009      	TBLRD*+
;__Lib_System.c,25 :: 		
0x022E	0xFFE6CFF5  	MOVFF       TABLAT, POSTINC1
;__Lib_System.c,26 :: 		
0x0232	0x0600      	DECF        R0, 1, 0
;__Lib_System.c,27 :: 		
0x0234	0xE1FB      	BNZ         _CC2DL_Loop1
;__Lib_System.c,28 :: 		
0x0236	0x0601      	DECF        R1, 1, 0
;__Lib_System.c,29 :: 		
0x0238	0xE1F9      	BNZ         _CC2DL_Loop1
;__Lib_System.c,31 :: 		
0x023A	0x0012      	RETURN      0
; end of ___CC2DW
_UART1_Init:
;__Lib_UART_c67.c,15 :: 		
;__Lib_UART_c67.c,18 :: 		
0x023C	0x0E18      	MOVLW       _UART1_Write
0x023E	0x0100      	MOVLB       0
0x0240	0x6F81      	MOVWF       _UART_Wr_Ptr, 1
0x0242	0x0E01      	MOVLW       hi_addr(_UART1_Write)
0x0244	0x6F82      	MOVWF       _UART_Wr_Ptr+1, 1
0x0246	0x0E88      	MOVLW       FARG_UART1_Write_data_
0x0248	0x6F83      	MOVWF       _UART_Wr_Ptr+2, 1
0x024A	0x0E00      	MOVLW       hi_addr(FARG_UART1_Write_data_)
0x024C	0x6F84      	MOVWF       _UART_Wr_Ptr+3, 1
;__Lib_UART_c67.c,19 :: 		
0x024E	0x0E26      	MOVLW       _UART1_Read
0x0250	0x6E7C      	MOVWF       _UART_Rd_Ptr 
0x0252	0x0E01      	MOVLW       hi_addr(_UART1_Read)
0x0254	0x6E7D      	MOVWF       _UART_Rd_Ptr+1 
0x0256	0x0E00      	MOVLW       0
0x0258	0x6E7E      	MOVWF       _UART_Rd_Ptr+2 
0x025A	0x0E00      	MOVLW       0
0x025C	0x6E7F      	MOVWF       _UART_Rd_Ptr+3 
;__Lib_UART_c67.c,20 :: 		
0x025E	0x0EFF      	MOVLW       _UART1_Data_Ready
0x0260	0x6E22      	MOVWF       _UART_Rdy_Ptr 
0x0262	0x0EFF      	MOVLW       hi_addr(_UART1_Data_Ready)
0x0264	0x6E23      	MOVWF       _UART_Rdy_Ptr+1 
0x0266	0x0E00      	MOVLW       0
0x0268	0x6E24      	MOVWF       _UART_Rdy_Ptr+2 
0x026A	0x0E00      	MOVLW       0
0x026C	0x6E25      	MOVWF       _UART_Rdy_Ptr+3 
;__Lib_UART_c67.c,21 :: 		
0x026E	0x0EFF      	MOVLW       _UART1_Tx_Idle
0x0270	0x6E1E      	MOVWF       _UART_Tx_Idle_Ptr 
0x0272	0x0EFF      	MOVLW       hi_addr(_UART1_Tx_Idle)
0x0274	0x6E1F      	MOVWF       _UART_Tx_Idle_Ptr+1 
0x0276	0x0E00      	MOVLW       0
0x0278	0x6E20      	MOVWF       _UART_Tx_Idle_Ptr+2 
0x027A	0x0E00      	MOVLW       0
0x027C	0x6E21      	MOVWF       _UART_Tx_Idle_Ptr+3 
;__Lib_UART_c67.c,23 :: 		
0x027E	0x8AAC      	BSF         TXSTA, 5 
;__Lib_UART_c67.c,24 :: 		
0x0280	0x0E90      	MOVLW       144
0x0282	0x6EAB      	MOVWF       RCSTA 
;__Lib_UART_c67.c,25 :: 		
0x0284	0x8E94      	BSF         TRISC7_bit, 7 
;__Lib_UART_c67.c,26 :: 		
0x0286	0x9C94      	BCF         TRISC6_bit, 6 
;__Lib_UART_c67.c,28 :: 		
L_UART1_Init0:
0x0288	0xAA9E      	BTFSS       PIR1, 5 
0x028A	0xD003      	BRA         L_UART1_Init1
;__Lib_UART_c67.c,29 :: 		
0x028C	0xF000CFAE  	MOVFF       RCREG, R0
0x0290	0xD7FB      	BRA         L_UART1_Init0
L_UART1_Init1:
;__Lib_UART_c67.c,30 :: 		
0x0292	0x0012      	RETURN      0
; end of _UART1_Init
_Lcd_Chr_CP:
;__Lib_Lcd.c,50 :: 		
;__Lib_Lcd.c,52 :: 		
0x0294	0x907B      	BCF         __Lib_Lcd_cmd_status, BitPos(__Lib_Lcd_cmd_status+0) 
;__Lib_Lcd.c,53 :: 		
0x0296	0xF088C080  	MOVFF       FARG_Lcd_Chr_CP_out_char, FARG_Lcd_Cmd_out_char
0x029A	0xDEFF      	RCALL       _Lcd_Cmd
;__Lib_Lcd.c,54 :: 		
0x029C	0x807B      	BSF         __Lib_Lcd_cmd_status, BitPos(__Lib_Lcd_cmd_status+0) 
;__Lib_Lcd.c,55 :: 		
0x029E	0x0012      	RETURN      0
; end of _Lcd_Chr_CP
_UART1_Write_Text:
;__Lib_UART_c67.c,67 :: 		
;__Lib_UART_c67.c,68 :: 		
0x02A0	0x0100      	MOVLB       0
0x02A2	0x6B87      	CLRF        UART1_Write_Text_counter_L0, 1
;__Lib_UART_c67.c,70 :: 		
0x02A4	0xFFE9C085  	MOVFF       FARG_UART1_Write_Text_uart_text, FSR0L
0x02A8	0xFFEAC086  	MOVFF       FARG_UART1_Write_Text_uart_text+1, FSR0H
0x02AC	0xF080CFEE  	MOVFF       POSTINC0, UART1_Write_Text_data__L0
;__Lib_UART_c67.c,71 :: 		
L_UART1_Write_Text5:
0x02B0	0x5180      	MOVF        UART1_Write_Text_data__L0, 0, 1
0x02B2	0x0A00      	XORLW       0
0x02B4	0xE00E      	BZ          L_UART1_Write_Text6
;__Lib_UART_c67.c,72 :: 		
0x02B6	0xF088C080  	MOVFF       UART1_Write_Text_data__L0, FARG_UART1_Write_data_
0x02BA	0xDF2E      	RCALL       _UART1_Write
;__Lib_UART_c67.c,73 :: 		
0x02BC	0x0100      	MOVLB       0
0x02BE	0x2B87      	INCF        UART1_Write_Text_counter_L0, 1, 1
;__Lib_UART_c67.c,74 :: 		
0x02C0	0x5187      	MOVF        UART1_Write_Text_counter_L0, 0, 1
0x02C2	0x2585      	ADDWF       FARG_UART1_Write_Text_uart_text, 0, 1
0x02C4	0x6EE9      	MOVWF       FSR0L 
0x02C6	0x0E00      	MOVLW       0
0x02C8	0x2186      	ADDWFC      FARG_UART1_Write_Text_uart_text+1, 0, 1
0x02CA	0x6EEA      	MOVWF       FSR0H 
0x02CC	0xF080CFEE  	MOVFF       POSTINC0, UART1_Write_Text_data__L0
;__Lib_UART_c67.c,75 :: 		
0x02D0	0xD7EF      	BRA         L_UART1_Write_Text5
L_UART1_Write_Text6:
;__Lib_UART_c67.c,76 :: 		
0x02D2	0x0012      	RETURN      0
; end of _UART1_Write_Text
_main:
0x02D4	0x6A16      	CLRF        _v 
0x02D6	0x0E72      	MOVLW       114
0x02D8	0x6E17      	MOVWF       ?lstr1_gps 
0x02DA	0x0E65      	MOVLW       101
0x02DC	0x6E18      	MOVWF       24 
0x02DE	0x0E61      	MOVLW       97
0x02E0	0x6E19      	MOVWF       25 
0x02E2	0x0E64      	MOVLW       100
0x02E4	0x6E1A      	MOVWF       26 
0x02E6	0x0E79      	MOVLW       121
0x02E8	0x6E1B      	MOVWF       27 
0x02EA	0x6A1C      	CLRF        28 
;gps.c,68 :: 		void main() {
;gps.c,69 :: 		Lcd_Init();
0x02EC	0xDF54      	RCALL       _Lcd_Init
;gps.c,70 :: 		INTCON=0b11000000;
0x02EE	0x0EC0      	MOVLW       192
0x02F0	0x6EF2      	MOVWF       INTCON 
;gps.c,71 :: 		PIE1=0b00100000;
0x02F2	0x0E20      	MOVLW       32
0x02F4	0x6E9D      	MOVWF       PIE1 
;gps.c,72 :: 		UART1_Init(9600);               // Initialize UART module at 9600 bps
0x02F6	0x0E19      	MOVLW       25
0x02F8	0x6EAF      	MOVWF       SPBRG 
0x02FA	0x84AC      	BSF         TXSTA, 2, 0
0x02FC	0xDF9F      	RCALL       _UART1_Init
;gps.c,73 :: 		Delay_ms(300);                  // Wait for UART module to stabilize
0x02FE	0x0E02      	MOVLW       2
0x0300	0x6E0B      	MOVWF       R11, 0
0x0302	0x0E86      	MOVLW       134
0x0304	0x6E0C      	MOVWF       R12, 0
0x0306	0x0E99      	MOVLW       153
0x0308	0x6E0D      	MOVWF       R13, 0
L_main10:
0x030A	0x2E0D      	DECFSZ      R13, 1, 0
0x030C	0xD7FE      	BRA         L_main10
0x030E	0x2E0C      	DECFSZ      R12, 1, 0
0x0310	0xD7FC      	BRA         L_main10
0x0312	0x2E0B      	DECFSZ      R11, 1, 0
0x0314	0xD7FA      	BRA         L_main10
;gps.c,74 :: 		trisc=0b10000000;
0x0316	0x0E80      	MOVLW       128
0x0318	0x6E94      	MOVWF       TRISC 
;gps.c,75 :: 		trisd=0;
0x031A	0x6A95      	CLRF        TRISD 
;gps.c,76 :: 		portc=255;
0x031C	0x0EFF      	MOVLW       255
0x031E	0x6E82      	MOVWF       PORTC 
;gps.c,77 :: 		portc.f0=0;
0x0320	0x9082      	BCF         PORTC, 0 
;gps.c,78 :: 		uart1_write_text("ready");
0x0322	0x0E17      	MOVLW       ?lstr1_gps
0x0324	0x0100      	MOVLB       0
0x0326	0x6F85      	MOVWF       FARG_UART1_Write_Text_uart_text, 1
0x0328	0x0E00      	MOVLW       hi_addr(?lstr1_gps)
0x032A	0x6F86      	MOVWF       FARG_UART1_Write_Text_uart_text+1, 1
0x032C	0xDFB9      	RCALL       _UART1_Write_Text
;gps.c,79 :: 		for(;;){
L_main11:
;gps.c,80 :: 		lcd_chr(1,1,rec[14]);
0x032E	0x0E01      	MOVLW       1
0x0330	0x6F85      	MOVWF       FARG_Lcd_Chr_row, 1
0x0332	0x0E01      	MOVLW       1
0x0334	0x6F86      	MOVWF       FARG_Lcd_Chr_column, 1
0x0336	0xF087C037  	MOVFF       _rec+14, FARG_Lcd_Chr_out_char
0x033A	0xDEFE      	RCALL       _Lcd_Chr
;gps.c,81 :: 		for (co=15;co<23;co++){
0x033C	0x0E0F      	MOVLW       15
0x033E	0x6E79      	MOVWF       _co 
0x0340	0x0E00      	MOVLW       0
0x0342	0x6E7A      	MOVWF       _co+1 
L_main14:
0x0344	0x0E80      	MOVLW       128
0x0346	0x187A      	XORWF       _co+1, 0 
0x0348	0x6E00      	MOVWF       R0 
0x034A	0x0E80      	MOVLW       128
0x034C	0x5C00      	SUBWF       R0, 0 
0x034E	0xE102      	BNZ         L__main21
0x0350	0x0E17      	MOVLW       23
0x0352	0x5C79      	SUBWF       _co, 0 
L__main21:
0x0354	0xE20C      	BC          L_main15
;gps.c,82 :: 		lcd_chr_cp(rec[co]);
0x0356	0x0E29      	MOVLW       _rec
0x0358	0x2479      	ADDWF       _co, 0 
0x035A	0x6EE9      	MOVWF       FSR0L 
0x035C	0x0E00      	MOVLW       hi_addr(_rec)
0x035E	0x207A      	ADDWFC      _co+1, 0 
0x0360	0x6EEA      	MOVWF       FSR0H 
0x0362	0xF080CFEE  	MOVFF       POSTINC0, FARG_Lcd_Chr_CP_out_char
0x0366	0xDF96      	RCALL       _Lcd_Chr_CP
;gps.c,81 :: 		for (co=15;co<23;co++){
0x0368	0x4A79      	INFSNZ      _co, 1 
0x036A	0x2A7A      	INCF        _co+1, 1 
;gps.c,83 :: 		}
0x036C	0xD7EB      	BRA         L_main14
L_main15:
;gps.c,85 :: 		lcd_chr(2,1,rec[26]);
0x036E	0x0E02      	MOVLW       2
0x0370	0x6F85      	MOVWF       FARG_Lcd_Chr_row, 1
0x0372	0x0E01      	MOVLW       1
0x0374	0x6F86      	MOVWF       FARG_Lcd_Chr_column, 1
0x0376	0xF087C043  	MOVFF       _rec+26, FARG_Lcd_Chr_out_char
0x037A	0xDEDE      	RCALL       _Lcd_Chr
;gps.c,86 :: 		for (co=27;co<36;co++){
0x037C	0x0E1B      	MOVLW       27
0x037E	0x6E79      	MOVWF       _co 
0x0380	0x0E00      	MOVLW       0
0x0382	0x6E7A      	MOVWF       _co+1 
L_main17:
0x0384	0x0E80      	MOVLW       128
0x0386	0x187A      	XORWF       _co+1, 0 
0x0388	0x6E00      	MOVWF       R0 
0x038A	0x0E80      	MOVLW       128
0x038C	0x5C00      	SUBWF       R0, 0 
0x038E	0xE102      	BNZ         L__main22
0x0390	0x0E24      	MOVLW       36
0x0392	0x5C79      	SUBWF       _co, 0 
L__main22:
0x0394	0xE20C      	BC          L_main18
;gps.c,87 :: 		lcd_chr_cp(rec[co]);
0x0396	0x0E29      	MOVLW       _rec
0x0398	0x2479      	ADDWF       _co, 0 
0x039A	0x6EE9      	MOVWF       FSR0L 
0x039C	0x0E00      	MOVLW       hi_addr(_rec)
0x039E	0x207A      	ADDWFC      _co+1, 0 
0x03A0	0x6EEA      	MOVWF       FSR0H 
0x03A2	0xF080CFEE  	MOVFF       POSTINC0, FARG_Lcd_Chr_CP_out_char
0x03A6	0xDF76      	RCALL       _Lcd_Chr_CP
;gps.c,86 :: 		for (co=27;co<36;co++){
0x03A8	0x4A79      	INFSNZ      _co, 1 
0x03AA	0x2A7A      	INCF        _co+1, 1 
;gps.c,88 :: 		}
0x03AC	0xD7EB      	BRA         L_main17
L_main18:
;gps.c,91 :: 		}}
0x03AE	0xD7BF      	BRA         L_main11
0x03B0	0xD7FF      	BRA         $+0
; end of _main
Symbol List:
//** Routines locations **
//ADDRESS    SIZE    PROCEDURE
//----------------------------------------------
0x0008     [112]    _interrupt
0x0078       [4]    _Delay_1us
0x007C      [18]    _Delay_5500us
0x008E      [12]    _Delay_50us
0x009A     [126]    _Lcd_Cmd
0x0118      [14]    _UART1_Write
0x0126      [18]    _UART1_Read
0x0138      [94]    _Lcd_Chr
0x0196     [150]    _Lcd_Init
0x022C      [16]    ___CC2DW
0x023C      [88]    _UART1_Init
0x0294      [12]    _Lcd_Chr_CP
0x02A0      [52]    _UART1_Write_Text
0x02D4     [222]    _main
//** Variables locations ** 
//ADDRESS    SIZE    VARIABLE
//----------------------------------------------
0x0000       [1]    EEPROM_Write_SaveINTCON_L0
0x0000       [1]    __Lib_SoftI2C_PutZerosToLATScl_temp_scl_L0
0x0000       [1]    UART1_Init_tmp_L0
0x0000       [1]    SPI1_Write_tmp_L0
0x0000       [1]    R0
0x0000       [1]    __Lib_SoftI2C_PutZerosToLATSda_temp_sda_L0
0x0000       [1]    FLASH_Erase_64_SaveINTCON_L0
0x0001       [1]    ispunct_rslt_L0
0x0001       [1]    R1
0x0001       [1]    FLASH_Erase_Write_64_i_L0
0x0001       [1]    I2C1_Rd_tmp_L0
0x0001       [1]    __Lib_PS2_Wait_Falling_nsample_L0
0x0001       [2]    FLASH_Read_N_Bytes_i_L0
0x0001       [1]    FLASH_Write_8_i_L0
0x0002       [2]    memchr_s_L0
0x0002       [2]    strlen_cp_L0
0x0002       [1]    FLASH_Erase_Write_64_j_L0
0x0002       [2]    memset_pp_L0
0x0002       [1]    FLASH_Write_8_SaveINTCON_L0
0x0002       [1]    R2
0x0002       [2]    memcpy_dd_L0
0x0003       [2]    memmove_tt_L0
0x0003       [1]    FLASH_Erase_Write_64_SaveINTCON_L0
0x0003       [1]    R3
0x0004       [2]    strcpy_cp_L0
0x0004       [2]    frexp_pom_L0
0x0004       [1]    R4
0x0004       [2]    strcat_cp_L0
0x0004       [2]    strncpy_cp_L0
0x0004       [2]    memcpy_ss_L0
0x0004       [2]    strncat_cp_L0
0x0005       [1]    R5
0x0005       [2]    memmove_ff_L0
0x0006       [1]    R6
0x0007       [1]    R7
0x0008       [1]    R8
0x0009       [1]    R9
0x000A       [1]    R10
0x000B       [1]    R11
0x000C       [1]    R12
0x000D       [1]    R13
0x000E       [1]    R14
0x000F       [1]    R15
0x0010       [1]    R16
0x0011       [1]    R17
0x0012       [1]    R18
0x0013       [1]    R19
0x0014       [1]    R20
0x0016       [1]    _v
0x0017       [6]    ?lstr1_gps
0x001D       [1]    _rr
0x001E       [4]    _UART_Tx_Idle_Ptr
0x0022       [4]    _UART_Rdy_Ptr
0x0026       [1]    ___tmp_UART1_Read
0x0027       [2]    _i
0x0029      [80]    _rec
0x0079       [2]    _co
0x007B       [0]    __Lib_Lcd_cmd_status
0x007C       [4]    _UART_Rd_Ptr
0x0080       [1]    UART1_Write_Text_data__L0
0x0080       [1]    FARG_Lcd_Chr_CP_out_char
0x0081       [4]    _UART_Wr_Ptr
0x0085       [1]    FARG_Lcd_Chr_row
0x0085       [2]    FARG_UART1_Write_Text_uart_text
0x0086       [1]    FARG_Lcd_Chr_column
0x0087       [1]    UART1_Write_Text_counter_L0
0x0087       [1]    FARG_Lcd_Chr_out_char
0x0088       [1]    FARG_Lcd_Cmd_out_char
0x0088       [1]    FARG_UART1_Write_data_
0x0F80       [0]    RA3_bit
0x0F80       [0]    RA4_bit
0x0F80       [0]    RA2_bit
0x0F80       [0]    RA0_bit
0x0F80       [0]    RA1_bit
0x0F80       [1]    PORTA
0x0F80       [0]    RA6_bit
0x0F80       [0]    RA5_bit
0x0F81       [0]    LCD_EN
0x0F81       [0]    LCD_RS
0x0F81       [0]    RB2_bit
0x0F81       [0]    RB3_bit
0x0F81       [0]    RB0_bit
0x0F81       [0]    RB1_bit
0x0F81       [0]    RB6_bit
0x0F81       [0]    RB7_bit
0x0F81       [0]    RB4_bit
0x0F81       [0]    RB5_bit
0x0F81       [0]    LCD_D5
0x0F81       [0]    LCD_D6
0x0F81       [0]    LCD_D7
0x0F81       [0]    LCD_D4
0x0F81       [1]    PORTB
0x0F82       [0]    RC0_bit
0x0F82       [0]    RC6_bit
0x0F82       [0]    RC7_bit
0x0F82       [0]    RC5_bit
0x0F82       [1]    PORTC
0x0F82       [0]    RC4_bit
0x0F82       [0]    RC3_bit
0x0F82       [0]    RC1_bit
0x0F82       [0]    RC2_bit
0x0F83       [0]    RD1_bit
0x0F83       [0]    RD0_bit
0x0F83       [0]    RD5_bit
0x0F83       [0]    RD6_bit
0x0F83       [0]    RD7_bit
0x0F83       [0]    RD2_bit
0x0F83       [0]    RD3_bit
0x0F83       [0]    RD4_bit
0x0F83       [0]    br1
0x0F83       [0]    s2
0x0F83       [0]    s3
0x0F83       [1]    PORTD
0x0F83       [0]    s1
0x0F84       [0]    RE2_bit
0x0F84       [1]    PORTE
0x0F84       [0]    RE0_bit
0x0F84       [0]    RE1_bit
0x0F89       [0]    LATA6_bit
0x0F89       [0]    LATA2_bit
0x0F89       [0]    LATA1_bit
0x0F89       [0]    LATA0_bit
0x0F89       [0]    LATA5_bit
0x0F89       [0]    LATA4_bit
0x0F89       [0]    LATA3_bit
0x0F89       [1]    LATA
0x0F8A       [0]    LATB4_bit
0x0F8A       [0]    LATB5_bit
0x0F8A       [0]    LATB6_bit
0x0F8A       [0]    LATB1_bit
0x0F8A       [0]    LATB0_bit
0x0F8A       [0]    LATB3_bit
0x0F8A       [0]    LATB2_bit
0x0F8A       [1]    LATB
0x0F8A       [0]    LATB7_bit
0x0F8B       [0]    LATC3_bit
0x0F8B       [0]    LATC4_bit
0x0F8B       [0]    LATC5_bit
0x0F8B       [0]    LATC2_bit
0x0F8B       [1]    LATC
0x0F8B       [0]    LATC0_bit
0x0F8B       [0]    LATC1_bit
0x0F8B       [0]    LATC7_bit
0x0F8B       [0]    LATC6_bit
0x0F8C       [1]    LATD
0x0F8C       [0]    LATD5_bit
0x0F8C       [0]    LATD6_bit
0x0F8C       [0]    LATD2_bit
0x0F8C       [0]    LATD3_bit
0x0F8C       [0]    LATD4_bit
0x0F8C       [0]    LATD0_bit
0x0F8C       [0]    LATD7_bit
0x0F8C       [0]    LATD1_bit
0x0F8D       [0]    LATE0_bit
0x0F8D       [0]    LATE1_bit
0x0F8D       [0]    LATE2_bit
0x0F8D       [1]    LATE
0x0F92       [1]    TRISA
0x0F92       [0]    TRISA4_bit
0x0F92       [0]    TRISA6_bit
0x0F92       [0]    TRISA5_bit
0x0F92       [0]    TRISA1_bit
0x0F92       [0]    TRISA0_bit
0x0F92       [0]    TRISA3_bit
0x0F92       [0]    TRISA2_bit
0x0F93       [0]    TRISB7_bit
0x0F93       [0]    LCD_EN_Direction
0x0F93       [0]    TRISB1_bit
0x0F93       [0]    TRISB2_bit
0x0F93       [0]    TRISB3_bit
0x0F93       [0]    TRISB5_bit
0x0F93       [0]    TRISB6_bit
0x0F93       [0]    LCD_RS_Direction
0x0F93       [0]    LCD_D6_Direction
0x0F93       [0]    LCD_D7_Direction
0x0F93       [1]    TRISB
0x0F93       [0]    TRISB4_bit
0x0F93       [0]    LCD_D4_Direction
0x0F93       [0]    TRISB0_bit
0x0F93       [0]    LCD_D5_Direction
0x0F94       [1]    TRISC
0x0F94       [0]    TRISC5_bit
0x0F94       [0]    TRISC1_bit
0x0F94       [0]    TRISC7_bit
0x0F94       [0]    TRISC6_bit
0x0F94       [0]    TRISC0_bit
0x0F94       [0]    TRISC4_bit
0x0F94       [0]    TRISC2_bit
0x0F94       [0]    TRISC3_bit
0x0F95       [0]    TRISD2_bit
0x0F95       [1]    TRISD
0x0F95       [0]    TRISD7_bit
0x0F95       [0]    TRISD6_bit
0x0F95       [0]    TRISD5_bit
0x0F95       [0]    TRISD0_bit
0x0F95       [0]    TRISD1_bit
0x0F95       [0]    TRISD4_bit
0x0F95       [0]    TRISD3_bit
0x0F96       [1]    TRISE
0x0F96       [0]    TRISE2_bit
0x0F96       [0]    OBF_bit
0x0F96       [0]    IBF_bit
0x0F96       [0]    PSPMODE_bit
0x0F96       [0]    IBOV_bit
0x0F96       [0]    PSPMODE_TRISE_bit
0x0F96       [0]    OBF_TRISE_bit
0x0F96       [0]    IBF_TRISE_bit
0x0F96       [0]    TRISE0_bit
0x0F96       [0]    TRISE1_bit
0x0F96       [0]    IBOV_TRISE_bit
0x0F9D       [0]    CCP1IE_bit
0x0F9D       [0]    SSPIE_bit
0x0F9D       [0]    TXIE_bit
0x0F9D       [0]    TMR2IE_bit
0x0F9D       [0]    PSPIE_bit
0x0F9D       [1]    PIE1
0x0F9D       [0]    ADIE_bit
0x0F9D       [0]    TMR1IE_bit
0x0F9D       [0]    RCIE_bit
0x0F9E       [0]    RCIF_bit
0x0F9E       [0]    ADIF_bit
0x0F9E       [0]    PSPIF_bit
0x0F9E       [0]    TXIF_bit
0x0F9E       [0]    TMR2IF_bit
0x0F9E       [0]    CCP1IF_bit
0x0F9E       [0]    SSPIF_bit
0x0F9E       [1]    PIR1
0x0F9E       [0]    TMR1IF_bit
0x0F9F       [0]    TXIP_bit
0x0F9F       [0]    RCIP_bit
0x0F9F       [1]    IPR1
0x0F9F       [0]    TMR2IP_bit
0x0F9F       [0]    TMR1IP_bit
0x0F9F       [0]    SSPIP_bit
0x0F9F       [0]    CCP1IP_bit
0x0F9F       [0]    PSPIP_bit
0x0F9F       [0]    ADIP_bit
0x0FA0       [0]    BCLIE_bit
0x0FA0       [0]    EEIE_bit
0x0FA0       [0]    LVDIE_bit
0x0FA0       [0]    CCP2IE_bit
0x0FA0       [0]    TMR3IE_bit
0x0FA0       [1]    PIE2
0x0FA1       [0]    TMR3IF_bit
0x0FA1       [0]    CCP2IF_bit
0x0FA1       [0]    EEIF_bit
0x0FA1       [0]    BCLIF_bit
0x0FA1       [0]    LVDIF_bit
0x0FA1       [1]    PIR2
0x0FA2       [0]    TMR3IP_bit
0x0FA2       [0]    CCP2IP_bit
0x0FA2       [0]    LVDIP_bit
0x0FA2       [0]    EEIP_bit
0x0FA2       [0]    BCLIP_bit
0x0FA2       [1]    IPR2
0x0FA6       [0]    WREN_bit
0x0FA6       [0]    WRERR_bit
0x0FA6       [0]    WR_bit
0x0FA6       [0]    FREE_bit
0x0FA6       [0]    RD_bit
0x0FA6       [1]    EECON1
0x0FA6       [0]    EEPGD_bit
0x0FA6       [0]    CFGS_bit
0x0FA7       [1]    EECON2
0x0FA8       [1]    EEDATA
0x0FA9       [1]    EEADR
0x0FAB       [0]    NOT_RC8_bit
0x0FAB       [0]    RC8_9_bit
0x0FAB       [0]    SREN_bit
0x0FAB       [0]    SPEN_bit
0x0FAB       [0]    RX9_bit
0x0FAB       [0]    RC9_bit
0x0FAB       [0]    CREN_bit
0x0FAB       [0]    RX9D_bit
0x0FAB       [0]    RCD8_bit
0x0FAB       [1]    RCSTA
0x0FAB       [0]    ADDEN_bit
0x0FAB       [0]    FERR_bit
0x0FAB       [0]    OERR_bit
0x0FAC       [0]    TRMT_bit
0x0FAC       [0]    BRGH_bit
0x0FAC       [0]    NOT_TX8_bit
0x0FAC       [0]    TXD8_bit
0x0FAC       [0]    TX9D_bit
0x0FAC       [0]    TX9_bit
0x0FAC       [0]    TXEN_bit
0x0FAC       [0]    CSRC_bit
0x0FAC       [0]    TX8_9_bit
0x0FAC       [0]    SYNC_bit
0x0FAC       [1]    TXSTA
0x0FAD       [1]    TXREG
0x0FAE       [1]    RCREG
0x0FAF       [1]    SPBRG
0x0FB1       [0]    RD16_T3CON_bit
0x0FB1       [0]    TMR3ON_bit
0x0FB1       [0]    T3SYNC_bit
0x0FB1       [0]    T3CCP1_bit
0x0FB1       [0]    T3CKPS0_bit
0x0FB1       [0]    T3CCP2_bit
0x0FB1       [0]    T3CKPS1_bit
0x0FB1       [1]    T3CON
0x0FB1       [0]    NOT_T3SYNC_bit
0x0FB1       [0]    T3INSYNC_bit
0x0FB1       [0]    TMR3CS_bit
0x0FB2       [1]    TMR3L
0x0FB3       [1]    TMR3H
0x0FBA       [0]    CCP2Y_bit
0x0FBA       [0]    DC2B0_bit
0x0FBA       [0]    CCP2X_bit
0x0FBA       [0]    DC2B1_bit
0x0FBA       [0]    CCP2M3_bit
0x0FBA       [0]    CCP2M0_bit
0x0FBA       [1]    CCP2CON
0x0FBA       [0]    CCP2M2_bit
0x0FBA       [0]    CCP2M1_bit
0x0FBB       [1]    CCPR2L
0x0FBB       [2]    CCPR2
0x0FBC       [1]    CCPR2H
0x0FBD       [0]    DC1B1_bit
0x0FBD       [0]    CCP1M3_bit
0x0FBD       [0]    CCP1M2_bit
0x0FBD       [0]    DC1B0_bit
0x0FBD       [0]    CCP1Y_bit
0x0FBD       [0]    CCP1X_bit
0x0FBD       [0]    CCP1M1_bit
0x0FBD       [0]    CCP1M0_bit
0x0FBD       [1]    CCP1CON
0x0FBE       [2]    CCPR1
0x0FBE       [1]    CCPR1L
0x0FBF       [1]    CCPR1H
0x0FC1       [1]    ADCON1
0x0FC1       [0]    PCFG3_bit
0x0FC1       [0]    PCFG0_bit
0x0FC1       [0]    PCFG2_bit
0x0FC1       [0]    PCFG1_bit
0x0FC1       [0]    ADFM_bit
0x0FC1       [0]    ADCS2_bit
0x0FC2       [0]    ADON_bit
0x0FC2       [1]    ADCON0
0x0FC2       [0]    ADCS1_bit
0x0FC2       [0]    GO_bit
0x0FC2       [0]    NOT_DONE_bit
0x0FC2       [0]    CHS0_bit
0x0FC2       [0]    CHS2_bit
0x0FC2       [0]    CHS1_bit
0x0FC2       [0]    ADCS0_bit
0x0FC2       [0]    GO_DONE_bit
0x0FC2       [0]    DONE_bit
0x0FC3       [1]    ADRESL
0x0FC3       [2]    ADRES
0x0FC4       [1]    ADRESH
0x0FC5       [0]    ACKEN_bit
0x0FC5       [0]    RCEN_bit
0x0FC5       [0]    GCEN_bit
0x0FC5       [0]    ACKDT_bit
0x0FC5       [0]    PEN_bit
0x0FC5       [1]    SSPCON2
0x0FC5       [0]    RSEN_bit
0x0FC5       [0]    SEN_bit
0x0FC5       [0]    ACKSTAT_bit
0x0FC6       [0]    SSPM0_bit
0x0FC6       [0]    SSPM1_bit
0x0FC6       [1]    SSPCON1
0x0FC6       [0]    CKP_bit
0x0FC6       [0]    SSPOV_bit
0x0FC6       [0]    SSPM3_bit
0x0FC6       [0]    SSPM2_bit
0x0FC6       [0]    SSPEN_bit
0x0FC6       [0]    WCOL_bit
0x0FC7       [0]    UA_bit
0x0FC7       [0]    BF_bit
0x0FC7       [0]    I2C_START__bit
0x0FC7       [0]    R_bit
0x0FC7       [0]    R_W_bit
0x0FC7       [0]    NOT_W_bit
0x0FC7       [0]    NOT_WRITE_bit
0x0FC7       [1]    SSPSTAT
0x0FC7       [0]    READ_WRITE_bit
0x0FC7       [0]    I2C_READ_bit
0x0FC7       [0]    I2C_DAT_bit
0x0FC7       [0]    NOT_A_bit
0x0FC7       [0]    D_bit
0x0FC7       [0]    SMP_bit
0x0FC7       [0]    CKE_bit
0x0FC7       [0]    NOT_ADDRESS_bit
0x0FC7       [0]    S_bit
0x0FC7       [0]    I2C_STOP__bit
0x0FC7       [0]    P_bit
0x0FC7       [0]    D_A_bit
0x0FC7       [0]    DATA_ADDRESS_bit
0x0FC8       [1]    SSPADD
0x0FC9       [1]    SSPBUF
0x0FCA       [0]    TMR2ON_bit
0x0FCA       [0]    TOUTPS0_bit
0x0FCA       [0]    TOUTPS3_bit
0x0FCA       [0]    TOUTPS2_bit
0x0FCA       [0]    TOUTPS1_bit
0x0FCA       [0]    T2CKPS1_bit
0x0FCA       [0]    T2CKPS0_bit
0x0FCA       [1]    T2CON
0x0FCB       [1]    PR2
0x0FCC       [1]    TMR2
0x0FCD       [0]    T1SYNC_bit
0x0FCD       [0]    TMR1ON_bit
0x0FCD       [0]    TMR1CS_bit
0x0FCD       [0]    RD16_bit
0x0FCD       [0]    T1INSYNC_bit
0x0FCD       [0]    T1CKPS0_bit
0x0FCD       [0]    T1CKPS1_bit
0x0FCD       [1]    T1CON
0x0FCD       [0]    NOT_T1SYNC_bit
0x0FCD       [0]    T1OSCEN_bit
0x0FCE       [1]    TMR1L
0x0FCF       [1]    TMR1H
0x0FD0       [0]    RI_bit
0x0FD0       [0]    IPEN_bit
0x0FD0       [0]    NOT_RI_bit
0x0FD0       [0]    BOR_bit
0x0FD0       [0]    POR_bit
0x0FD0       [0]    NOT_POR_bit
0x0FD0       [1]    RCON
0x0FD0       [0]    NOT_BOR_bit
0x0FD0       [0]    TO__bit
0x0FD0       [0]    NOT_TO_bit
0x0FD0       [0]    PD_bit
0x0FD0       [0]    NOT_PD_bit
0x0FD1       [1]    WDTCON
0x0FD1       [0]    SWDTEN_bit
0x0FD1       [0]    SWDTE_bit
0x0FD2       [0]    LVDL1_bit
0x0FD2       [0]    LVDL0_bit
0x0FD2       [0]    LVDL2_bit
0x0FD2       [0]    LVDEN_bit
0x0FD2       [0]    IRVST_bit
0x0FD2       [1]    LVDCON
0x0FD2       [0]    LVDL3_bit
0x0FD3       [0]    SCS_bit
0x0FD3       [1]    OSCCON
0x0FD5       [0]    T08BIT_bit
0x0FD5       [0]    T0CS_bit
0x0FD5       [1]    T0CON
0x0FD5       [0]    TMR0ON_bit
0x0FD5       [0]    T0SE_bit
0x0FD5       [0]    T0PS1_bit
0x0FD5       [0]    T0PS0_bit
0x0FD5       [0]    PSA_bit
0x0FD5       [0]    T0PS2_bit
0x0FD6       [1]    TMR0L
0x0FD7       [1]    TMR0H
0x0FD8       [1]    STATUS
0x0FD8       [0]    OV_bit
0x0FD8       [0]    N_bit
0x0FD8       [0]    Z_bit
0x0FD8       [0]    C_bit
0x0FD8       [0]    DC_bit
0x0FD9       [2]    FSR2
0x0FD9       [2]    FSR2PTR
0x0FD9       [1]    FSR2L
0x0FDA       [1]    FSR2H
0x0FDB       [1]    PLUSW2
0x0FDC       [1]    PREINC2
0x0FDD       [1]    POSTDEC2
0x0FDE       [1]    POSTINC2
0x0FDF       [1]    INDF2
0x0FE0       [1]    BSR
0x0FE1       [2]    FSR1PTR
0x0FE1       [2]    FSR1
0x0FE1       [1]    FSR1L
0x0FE2       [1]    FSR1H
0x0FE3       [1]    PLUSW1
0x0FE4       [1]    PREINC1
0x0FE5       [1]    POSTDEC1
0x0FE6       [1]    POSTINC1
0x0FE7       [1]    INDF1
0x0FE8       [1]    WREG
0x0FE9       [2]    FSR0PTR
0x0FE9       [2]    FSR0
0x0FE9       [1]    FSR0L
0x0FEA       [1]    FSR0H
0x0FEB       [1]    PLUSW0
0x0FEC       [1]    PREINC0
0x0FED       [1]    POSTDEC0
0x0FEE       [1]    POSTINC0
0x0FEF       [1]    INDF0
0x0FF0       [0]    INT2IP_bit
0x0FF0       [1]    INTCON3
0x0FF0       [0]    INT1IP_bit
0x0FF0       [0]    INT2IF_bit
0x0FF0       [0]    INT1IF_bit
0x0FF0       [0]    INT1IE_bit
0x0FF0       [0]    INT2IE_bit
0x0FF1       [1]    INTCON2
0x0FF1       [0]    INTEDG0_bit
0x0FF1       [0]    INTEDG1_bit
0x0FF1       [0]    NOT_RBPU_bit
0x0FF1       [0]    RBPU_bit
0x0FF1       [0]    T0IP_bit
0x0FF1       [0]    RBIP_bit
0x0FF1       [0]    INTEDG2_bit
0x0FF1       [0]    TMR0IP_bit
0x0FF2       [0]    RBIE_bit
0x0FF2       [0]    TMR0IF_bit
0x0FF2       [0]    INT0IE_bit
0x0FF2       [0]    INT0E_bit
0x0FF2       [0]    INT0F_bit
0x0FF2       [0]    RBIF_bit
0x0FF2       [0]    T0IF_bit
0x0FF2       [0]    INT0IF_bit
0x0FF2       [0]    T0IE_bit
0x0FF2       [0]    TMR0IE_bit
0x0FF2       [1]    INTCON
0x0FF2       [1]    INTCON1
0x0FF2       [0]    GIEH_bit
0x0FF2       [0]    GIE_bit
0x0FF2       [0]    GIEL_bit
0x0FF2       [0]    PEIE_bit
0x0FF3       [1]    PRODL
0x0FF3       [2]    PROD
0x0FF4       [1]    PRODH
0x0FF5       [1]    TABLAT
0x0FF6       [3]    TBLPTR
0x0FF6       [1]    TBLPTRL
0x0FF7       [1]    TBLPTRH
0x0FF8       [0]    TBLPTRU4_bit
0x0FF8       [0]    ACSS_bit
0x0FF8       [0]    TBLPTRU1_bit
0x0FF8       [0]    TBLPTRU0_bit
0x0FF8       [0]    TBLPTRU3_bit
0x0FF8       [0]    TBLPTRU2_bit
0x0FF8       [1]    TBLPTRU
0x0FF9       [1]    PCL
0x0FFA       [1]    PCLATH
0x0FFB       [0]    PCU3_bit
0x0FFB       [0]    PCU4_bit
0x0FFB       [0]    PCU2_bit
0x0FFB       [0]    PCU0_bit
0x0FFB       [0]    PCU1_bit
0x0FFB       [1]    PCLATU
0x0FFC       [0]    STKFUL_bit
0x0FFC       [0]    STKUNF_bit
0x0FFC       [1]    STKPTR
0x0FFD       [1]    TOSL
0x0FFE       [1]    TOSH
0x0FFF       [1]    TOSU
//** Label List: ** 
//----------------------------------------------
  L_interrupt0
  L_interrupt1
  L_interrupt2
  L_interrupt3
  L_interrupt4
  L_interrupt5
  L_interrupt6
  L_interrupt7
  L_interrupt8
  L_interrupt9
  L_main10
  L_main11
  L_main12
  L_main13
  L_main14
  L_main15
  L_main16
  L_main17
  L_main18
  L_main19
  _interrupt
  L__interrupt20
  _main
  L__main21
  L__main22
  L_Delay_10us0
  L_Delay_22us1
  L_Delay_50us2
  L_Delay_80us3
  L_Delay_500us4
  L_Delay_5500us5
  L_Delay_8ms6
  L_Delay_100ms7
  L_Delay_10ms8
  L_Delay_1sec9
  L____Boot_Delay4k10
  L____Boot_Delay8k11
  L____Boot_Delay12k12
  L____Boot_Delay16k13
  L____Boot_Delay24k14
  L____Boot_Delay32k15
  L____Boot_Delay48k16
  L____Boot_Delay64k17
  L____Boot_Delay128k18
  L_Delay_Cyc19
  L_Delay_Cyc20
  L_VDelay_ms21
  L_VDelay_ms22
  L_VDelay_ms23
  L_VDelay_Advanced_ms24
  L_VDelay_Advanced_ms25
  L_VDelay_Advanced_ms26
  _Get_Fosc_kHz
  _Delay_1us
  _Delay_10us
  _Delay_22us
  _Delay_50us
  _Delay_80us
  _Delay_500us
  _Delay_5500us
  _Delay_8ms
  _Delay_100ms
  _Delay_10ms
  _Delay_1sec
  ____Boot_Delay4k
  ____Boot_Delay8k
  ____Boot_Delay12k
  ____Boot_Delay16k
  ____Boot_Delay24k
  ____Boot_Delay32k
  ____Boot_Delay48k
  ____Boot_Delay64k
  ____Boot_Delay128k
  _Delay_Cyc
  _VDelay_ms
  L__VDelay_ms27
  L__VDelay_ms28
  L__VDelay_ms29
  _VDelay_Advanced_ms
  L__VDelay_Advanced_ms30
  L__VDelay_Advanced_ms31
  L__VDelay_Advanced_ms32
  L_Lcd_Cmd0
  L_Lcd_Cmd1
  L_Lcd_Out_CP2
  L_Lcd_Out_CP3
  L_Lcd_Chr4
  L_Lcd_Chr5
  L_Lcd_Chr6
  L_Lcd_Chr7
  L_Lcd_Chr8
  L_Lcd_Chr9
  L_Lcd_Chr10
  L_Lcd_Out11
  L_Lcd_Out12
  L_Lcd_Out13
  L_Lcd_Out14
  L_Lcd_Out15
  L_Lcd_Out16
  L_Lcd_Out17
  L_Lcd_Out18
  L_Lcd_Out19
  _Lcd_Cmd
  L__Lcd_Cmd20
  L__Lcd_Cmd21
  L__Lcd_Cmd22
  L__Lcd_Cmd23
  L__Lcd_Cmd24
  L__Lcd_Cmd25
  L__Lcd_Cmd26
  L__Lcd_Cmd27
  L__Lcd_Cmd28
  L__Lcd_Cmd29
  L__Lcd_Cmd30
  L__Lcd_Cmd31
  L__Lcd_Cmd32
  L__Lcd_Cmd33
  L__Lcd_Cmd34
  L__Lcd_Cmd35
  L__Lcd_Cmd36
  L__Lcd_Cmd37
  L__Lcd_Cmd38
  L__Lcd_Cmd39
  _Lcd_Chr_CP
  _Lcd_Out_CP
  _Lcd_Chr
  _Lcd_Init
  _Lcd_Out
  _CC2D_Loop1
  _CC2DL_Loop1
  L_longjmp2
  ___CC2D
  ___CC2DW
  _____DoIFC
  _Swap
  _setjmp
  _longjmp
  L_UART1_Init0
  L_UART1_Init1
  L_UART1_Read2
  L_UART1_Write3
  L_UART1_Write4
  L_UART1_Write_Text5
  L_UART1_Write_Text6
  L_UART1_Read_Text7
  L_UART1_Read_Text8
  L_UART1_Read_Text9
  L_UART1_Read_Text10
  L_UART1_Read_Text11
  L_UART1_Read_Text12
  L_UART1_Read_Text13
  L_UART1_Read_Text14
  L_UART1_Read_Text15
  _UART1_Init
  _UART1_Data_Ready
  _UART1_Read
  _UART1_Tx_Idle
  _UART1_Write
  _UART1_Write_Text
  _UART1_Read_Text
  _UART_Set_Active
  L_interrupt0
  L_interrupt1
  L_interrupt2
  L_interrupt3
  L_interrupt4
  L_interrupt5
  L_interrupt6
  L_interrupt7
  L_interrupt8
  L_interrupt9
  L_main10
  L_main11
  L_main12
  L_main13
  L_main14
  L_main15
  L_main16
  L_main17
  L_main18
  L_main19
  _interrupt
  L__interrupt20
  _main
  L__main21
  L__main22
  L_UART1_Init0
  L_UART1_Init1
  L_UART1_Read2
  L_UART1_Write3
  L_UART1_Write4
  L_UART1_Write_Text5
  L_UART1_Write_Text6
  L_UART1_Read_Text7
  L_UART1_Read_Text8
  L_UART1_Read_Text9
  L_UART1_Read_Text10
  L_UART1_Read_Text11
  L_UART1_Read_Text12
  L_UART1_Read_Text13
  L_UART1_Read_Text14
  L_UART1_Read_Text15
  _UART1_Init
  _UART1_Data_Ready
  _UART1_Read
  _UART1_Tx_Idle
  _UART1_Write
  _UART1_Write_Text
  _UART1_Read_Text
  _UART_Set_Active
