;  LST file generated by mikroListExporter - v.2.0 
; Date/Time: 7/2/2012 6:07:07 PM
;----------------------------------------------

;Address Opcode 	ASM
0x0000	0xF001EF95  	GOTO        810
_interrupt:
;zigbee.c,22 :: 		interrupt()
0x0008	0xF017C000  	MOVFF       R0, 23
0x000C	0xF016C00C  	MOVFF       R12, 22
0x0010	0xF015C00D  	MOVFF       R13, 21
;zigbee.c,24 :: 		rr = UART1_Read();
0x0014	0xD8E5      	RCALL       _UART1_Read
0x0016	0xF027C000  	MOVFF       R0, _rr
;zigbee.c,25 :: 		switch(rr)
0x001A	0xD078      	BRA         L_interrupt0
;zigbee.c,27 :: 		case 'k':
L_interrupt2:
;zigbee.c,29 :: 		for(i=0;i<20;i++)
0x001C	0x6A20      	CLRF        _i 
0x001E	0x6A21      	CLRF        _i+1 
L_interrupt3:
0x0020	0x0E80      	MOVLW       128
0x0022	0x1821      	XORWF       _i+1, 0 
0x0024	0x6E00      	MOVWF       R0 
0x0026	0x0E80      	MOVLW       128
0x0028	0x5C00      	SUBWF       R0, 0 
0x002A	0xE102      	BNZ         L__interrupt26
0x002C	0x0E14      	MOVLW       20
0x002E	0x5C20      	SUBWF       _i, 0 
L__interrupt26:
0x0030	0xE21D      	BC          L_interrupt4
;zigbee.c,31 :: 		s1=1;s2=1;s3=1;br1=1;
0x0032	0x8A83      	BSF         RD5_bit, 5 
0x0034	0x8C83      	BSF         RD6_bit, 6 
0x0036	0x8E83      	BSF         RD7_bit, 7 
0x0038	0x8083      	BSF         RD0_bit, 0 
;zigbee.c,32 :: 		delay_us(1500);
0x003A	0x0E02      	MOVLW       2
0x003C	0x6E0C      	MOVWF       R12, 0
0x003E	0x0EF1      	MOVLW       241
0x0040	0x6E0D      	MOVWF       R13, 0
L_interrupt6:
0x0042	0x2E0D      	DECFSZ      R13, 1, 0
0x0044	0xD7FE      	BRA         L_interrupt6
0x0046	0x2E0C      	DECFSZ      R12, 1, 0
0x0048	0xD7FC      	BRA         L_interrupt6
0x004A	0x0000      	NOP
0x004C	0x0000      	NOP
;zigbee.c,33 :: 		s1=0;s2=0;s3=0;br1=0;
0x004E	0x9A83      	BCF         RD5_bit, 5 
0x0050	0x9C83      	BCF         RD6_bit, 6 
0x0052	0x9E83      	BCF         RD7_bit, 7 
0x0054	0x9083      	BCF         RD0_bit, 0 
;zigbee.c,34 :: 		delay_us(18500);
0x0056	0x0E19      	MOVLW       25
0x0058	0x6E0C      	MOVWF       R12, 0
0x005A	0x0E05      	MOVLW       5
0x005C	0x6E0D      	MOVWF       R13, 0
L_interrupt7:
0x005E	0x2E0D      	DECFSZ      R13, 1, 0
0x0060	0xD7FE      	BRA         L_interrupt7
0x0062	0x2E0C      	DECFSZ      R12, 1, 0
0x0064	0xD7FC      	BRA         L_interrupt7
;zigbee.c,29 :: 		for(i=0;i<20;i++)
0x0066	0x4A20      	INFSNZ      _i, 1 
0x0068	0x2A21      	INCF        _i+1, 1 
;zigbee.c,35 :: 		}
0x006A	0xD7DA      	BRA         L_interrupt3
L_interrupt4:
;zigbee.c,36 :: 		break;
0x006C	0xD058      	BRA         L_interrupt1
;zigbee.c,39 :: 		case 'x':
L_interrupt8:
;zigbee.c,41 :: 		for(i=0;i<20;i++)
0x006E	0x6A20      	CLRF        _i 
0x0070	0x6A21      	CLRF        _i+1 
L_interrupt9:
0x0072	0x0E80      	MOVLW       128
0x0074	0x1821      	XORWF       _i+1, 0 
0x0076	0x6E00      	MOVWF       R0 
0x0078	0x0E80      	MOVLW       128
0x007A	0x5C00      	SUBWF       R0, 0 
0x007C	0xE102      	BNZ         L__interrupt27
0x007E	0x0E14      	MOVLW       20
0x0080	0x5C20      	SUBWF       _i, 0 
L__interrupt27:
0x0082	0xE21D      	BC          L_interrupt10
;zigbee.c,43 :: 		s1=1;s2=1;s3=1;br1=1;
0x0084	0x8A83      	BSF         RD5_bit, 5 
0x0086	0x8C83      	BSF         RD6_bit, 6 
0x0088	0x8E83      	BSF         RD7_bit, 7 
0x008A	0x8083      	BSF         RD0_bit, 0 
;zigbee.c,44 :: 		delay_us(2350);
0x008C	0x0E04      	MOVLW       4
0x008E	0x6E0C      	MOVWF       R12, 0
0x0090	0x0E0B      	MOVLW       11
0x0092	0x6E0D      	MOVWF       R13, 0
L_interrupt12:
0x0094	0x2E0D      	DECFSZ      R13, 1, 0
0x0096	0xD7FE      	BRA         L_interrupt12
0x0098	0x2E0C      	DECFSZ      R12, 1, 0
0x009A	0xD7FC      	BRA         L_interrupt12
0x009C	0x0000      	NOP
0x009E	0x0000      	NOP
;zigbee.c,45 :: 		s1=0;s2=0;s3=0;br1=0;
0x00A0	0x9A83      	BCF         RD5_bit, 5 
0x00A2	0x9C83      	BCF         RD6_bit, 6 
0x00A4	0x9E83      	BCF         RD7_bit, 7 
0x00A6	0x9083      	BCF         RD0_bit, 0 
;zigbee.c,46 :: 		delay_us(17650);
0x00A8	0x0E17      	MOVLW       23
0x00AA	0x6E0C      	MOVWF       R12, 0
0x00AC	0x0EEB      	MOVLW       235
0x00AE	0x6E0D      	MOVWF       R13, 0
L_interrupt13:
0x00B0	0x2E0D      	DECFSZ      R13, 1, 0
0x00B2	0xD7FE      	BRA         L_interrupt13
0x00B4	0x2E0C      	DECFSZ      R12, 1, 0
0x00B6	0xD7FC      	BRA         L_interrupt13
;zigbee.c,41 :: 		for(i=0;i<20;i++)
0x00B8	0x4A20      	INFSNZ      _i, 1 
0x00BA	0x2A21      	INCF        _i+1, 1 
;zigbee.c,47 :: 		}
0x00BC	0xD7DA      	BRA         L_interrupt9
L_interrupt10:
;zigbee.c,49 :: 		break;
0x00BE	0xD02F      	BRA         L_interrupt1
;zigbee.c,51 :: 		case 'o':
L_interrupt14:
;zigbee.c,53 :: 		for(i=0;i<20;i++)
0x00C0	0x6A20      	CLRF        _i 
0x00C2	0x6A21      	CLRF        _i+1 
L_interrupt15:
0x00C4	0x0E80      	MOVLW       128
0x00C6	0x1821      	XORWF       _i+1, 0 
0x00C8	0x6E00      	MOVWF       R0 
0x00CA	0x0E80      	MOVLW       128
0x00CC	0x5C00      	SUBWF       R0, 0 
0x00CE	0xE102      	BNZ         L__interrupt28
0x00D0	0x0E14      	MOVLW       20
0x00D2	0x5C20      	SUBWF       _i, 0 
L__interrupt28:
0x00D4	0xE21A      	BC          L_interrupt16
;zigbee.c,55 :: 		s1=1;s2=1;s3=1;br1=1;
0x00D6	0x8A83      	BSF         RD5_bit, 5 
0x00D8	0x8C83      	BSF         RD6_bit, 6 
0x00DA	0x8E83      	BSF         RD7_bit, 7 
0x00DC	0x8083      	BSF         RD0_bit, 0 
;zigbee.c,56 :: 		delay_us(650);
0x00DE	0x0ED8      	MOVLW       216
0x00E0	0x6E0D      	MOVWF       R13, 0
L_interrupt18:
0x00E2	0x2E0D      	DECFSZ      R13, 1, 0
0x00E4	0xD7FE      	BRA         L_interrupt18
0x00E6	0x0000      	NOP
;zigbee.c,57 :: 		s1=0;s2=0;s3=0;br1=0;
0x00E8	0x9A83      	BCF         RD5_bit, 5 
0x00EA	0x9C83      	BCF         RD6_bit, 6 
0x00EC	0x9E83      	BCF         RD7_bit, 7 
0x00EE	0x9083      	BCF         RD0_bit, 0 
;zigbee.c,58 :: 		delay_us(19350);
0x00F0	0x0E1A      	MOVLW       26
0x00F2	0x6E0C      	MOVWF       R12, 0
0x00F4	0x0E1F      	MOVLW       31
0x00F6	0x6E0D      	MOVWF       R13, 0
L_interrupt19:
0x00F8	0x2E0D      	DECFSZ      R13, 1, 0
0x00FA	0xD7FE      	BRA         L_interrupt19
0x00FC	0x2E0C      	DECFSZ      R12, 1, 0
0x00FE	0xD7FC      	BRA         L_interrupt19
0x0100	0x0000      	NOP
0x0102	0x0000      	NOP
;zigbee.c,53 :: 		for(i=0;i<20;i++)
0x0104	0x4A20      	INFSNZ      _i, 1 
0x0106	0x2A21      	INCF        _i+1, 1 
;zigbee.c,59 :: 		}
0x0108	0xD7DD      	BRA         L_interrupt15
L_interrupt16:
;zigbee.c,61 :: 		break;
0x010A	0xD009      	BRA         L_interrupt1
;zigbee.c,62 :: 		}  }
L_interrupt0:
0x010C	0x5027      	MOVF        _rr, 0 
0x010E	0x0A6B      	XORLW       107
0x0110	0xE085      	BZ          L_interrupt2
0x0112	0x5027      	MOVF        _rr, 0 
0x0114	0x0A78      	XORLW       120
0x0116	0xE0AB      	BZ          L_interrupt8
0x0118	0x5027      	MOVF        _rr, 0 
0x011A	0x0A6F      	XORLW       111
0x011C	0xE0D1      	BZ          L_interrupt14
L_interrupt1:
;zigbee.c,63 :: 		x=1;
0x011E	0x0E01      	MOVLW       1
0x0120	0x6E18      	MOVWF       _x 
0x0122	0x0E00      	MOVLW       0
0x0124	0x6E19      	MOVWF       _x+1 
;zigbee.c,64 :: 		}
L__interrupt25:
0x0126	0xF000C017  	MOVFF       23, R0
0x012A	0xF00CC016  	MOVFF       22, R12
0x012E	0xF00DC015  	MOVFF       21, R13
0x0132	0x0011      	RETFIE      1
; end of _interrupt
_Delay_5500us:
;__Lib_Delays.c,31 :: 		void Delay_5500us() {
;__Lib_Delays.c,32 :: 		Delay_us(5500);
0x0134	0x0E08      	MOVLW       8
0x0136	0x6E0C      	MOVWF       R12, 0
0x0138	0x0E23      	MOVLW       35
0x013A	0x6E0D      	MOVWF       R13, 0
L_Delay_5500us5:
0x013C	0x2E0D      	DECFSZ      R13, 1, 0
0x013E	0xD7FE      	BRA         L_Delay_5500us5
0x0140	0x2E0C      	DECFSZ      R12, 1, 0
0x0142	0xD7FC      	BRA         L_Delay_5500us5
;__Lib_Delays.c,33 :: 		}
0x0144	0x0012      	RETURN      0
; end of _Delay_5500us
_Delay_1us:
;__Lib_Delays.c,7 :: 		void Delay_1us() {
;__Lib_Delays.c,8 :: 		Delay_us(1);
0x0146	0x0000      	NOP
;__Lib_Delays.c,9 :: 		}
0x0148	0x0012      	RETURN      0
; end of _Delay_1us
_Delay_50us:
;__Lib_Delays.c,19 :: 		void Delay_50us() {
;__Lib_Delays.c,20 :: 		Delay_us(50);
0x014A	0x0E10      	MOVLW       16
0x014C	0x6E0D      	MOVWF       R13, 0
L_Delay_50us2:
0x014E	0x2E0D      	DECFSZ      R13, 1, 0
0x0150	0xD7FE      	BRA         L_Delay_50us2
0x0152	0x0000      	NOP
;__Lib_Delays.c,21 :: 		}
0x0154	0x0012      	RETURN      0
; end of _Delay_50us
_Lcd_Cmd:
;__Lib_Lcd.c,18 :: 		
;__Lib_Lcd.c,20 :: 		
0x0156	0xBE39      	BTFSC       FARG_Lcd_Cmd_out_char, 7 
0x0158	0xD002      	BRA         L__Lcd_Cmd20
0x015A	0x9481      	BCF         LCD_D7, BitPos(LCD_D7+0) 
0x015C	0xD001      	BRA         L__Lcd_Cmd21
L__Lcd_Cmd20:
0x015E	0x8481      	BSF         LCD_D7, BitPos(LCD_D7+0) 
L__Lcd_Cmd21:
;__Lib_Lcd.c,21 :: 		
0x0160	0xBC39      	BTFSC       FARG_Lcd_Cmd_out_char, 6 
0x0162	0xD002      	BRA         L__Lcd_Cmd22
0x0164	0x9681      	BCF         LCD_D6, BitPos(LCD_D6+0) 
0x0166	0xD001      	BRA         L__Lcd_Cmd23
L__Lcd_Cmd22:
0x0168	0x8681      	BSF         LCD_D6, BitPos(LCD_D6+0) 
L__Lcd_Cmd23:
;__Lib_Lcd.c,22 :: 		
0x016A	0xBA39      	BTFSC       FARG_Lcd_Cmd_out_char, 5 
0x016C	0xD002      	BRA         L__Lcd_Cmd24
0x016E	0x9881      	BCF         LCD_D5, BitPos(LCD_D5+0) 
0x0170	0xD001      	BRA         L__Lcd_Cmd25
L__Lcd_Cmd24:
0x0172	0x8881      	BSF         LCD_D5, BitPos(LCD_D5+0) 
L__Lcd_Cmd25:
;__Lib_Lcd.c,23 :: 		
0x0174	0xB839      	BTFSC       FARG_Lcd_Cmd_out_char, 4 
0x0176	0xD002      	BRA         L__Lcd_Cmd26
0x0178	0x9A81      	BCF         LCD_D4, BitPos(LCD_D4+0) 
0x017A	0xD001      	BRA         L__Lcd_Cmd27
L__Lcd_Cmd26:
0x017C	0x8A81      	BSF         LCD_D4, BitPos(LCD_D4+0) 
L__Lcd_Cmd27:
;__Lib_Lcd.c,25 :: 		
0x017E	0xB028      	BTFSC       __Lib_Lcd_cmd_status, BitPos(__Lib_Lcd_cmd_status+0) 
0x0180	0xD002      	BRA         L__Lcd_Cmd28
0x0182	0x8E81      	BSF         LCD_RS, BitPos(LCD_RS+0) 
0x0184	0xD001      	BRA         L__Lcd_Cmd29
L__Lcd_Cmd28:
0x0186	0x9E81      	BCF         LCD_RS, BitPos(LCD_RS+0) 
L__Lcd_Cmd29:
;__Lib_Lcd.c,28 :: 		
0x0188	0x8C81      	BSF         LCD_EN, BitPos(LCD_EN+0) 
;__Lib_Lcd.c,29 :: 		
0x018A	0xDFDD      	RCALL       _Delay_1us
;__Lib_Lcd.c,30 :: 		
0x018C	0x9C81      	BCF         LCD_EN, BitPos(LCD_EN+0) 
;__Lib_Lcd.c,33 :: 		
0x018E	0xB639      	BTFSC       FARG_Lcd_Cmd_out_char, 3 
0x0190	0xD002      	BRA         L__Lcd_Cmd30
0x0192	0x9481      	BCF         LCD_D7, BitPos(LCD_D7+0) 
0x0194	0xD001      	BRA         L__Lcd_Cmd31
L__Lcd_Cmd30:
0x0196	0x8481      	BSF         LCD_D7, BitPos(LCD_D7+0) 
L__Lcd_Cmd31:
;__Lib_Lcd.c,34 :: 		
0x0198	0xB439      	BTFSC       FARG_Lcd_Cmd_out_char, 2 
0x019A	0xD002      	BRA         L__Lcd_Cmd32
0x019C	0x9681      	BCF         LCD_D6, BitPos(LCD_D6+0) 
0x019E	0xD001      	BRA         L__Lcd_Cmd33
L__Lcd_Cmd32:
0x01A0	0x8681      	BSF         LCD_D6, BitPos(LCD_D6+0) 
L__Lcd_Cmd33:
;__Lib_Lcd.c,35 :: 		
0x01A2	0xB239      	BTFSC       FARG_Lcd_Cmd_out_char, 1 
0x01A4	0xD002      	BRA         L__Lcd_Cmd34
0x01A6	0x9881      	BCF         LCD_D5, BitPos(LCD_D5+0) 
0x01A8	0xD001      	BRA         L__Lcd_Cmd35
L__Lcd_Cmd34:
0x01AA	0x8881      	BSF         LCD_D5, BitPos(LCD_D5+0) 
L__Lcd_Cmd35:
;__Lib_Lcd.c,36 :: 		
0x01AC	0xB039      	BTFSC       FARG_Lcd_Cmd_out_char, 0 
0x01AE	0xD002      	BRA         L__Lcd_Cmd36
0x01B0	0x9A81      	BCF         LCD_D4, BitPos(LCD_D4+0) 
0x01B2	0xD001      	BRA         L__Lcd_Cmd37
L__Lcd_Cmd36:
0x01B4	0x8A81      	BSF         LCD_D4, BitPos(LCD_D4+0) 
L__Lcd_Cmd37:
;__Lib_Lcd.c,38 :: 		
0x01B6	0xB028      	BTFSC       __Lib_Lcd_cmd_status, BitPos(__Lib_Lcd_cmd_status+0) 
0x01B8	0xD002      	BRA         L__Lcd_Cmd38
0x01BA	0x8E81      	BSF         LCD_RS, BitPos(LCD_RS+0) 
0x01BC	0xD001      	BRA         L__Lcd_Cmd39
L__Lcd_Cmd38:
0x01BE	0x9E81      	BCF         LCD_RS, BitPos(LCD_RS+0) 
L__Lcd_Cmd39:
;__Lib_Lcd.c,40 :: 		
0x01C0	0x8C81      	BSF         LCD_EN, BitPos(LCD_EN+0) 
;__Lib_Lcd.c,41 :: 		
0x01C2	0xDFC1      	RCALL       _Delay_1us
;__Lib_Lcd.c,42 :: 		
0x01C4	0x9C81      	BCF         LCD_EN, BitPos(LCD_EN+0) 
;__Lib_Lcd.c,44 :: 		
0x01C6	0xA028      	BTFSS       __Lib_Lcd_cmd_status, BitPos(__Lib_Lcd_cmd_status+0) 
0x01C8	0xD002      	BRA         L_Lcd_Cmd0
;__Lib_Lcd.c,45 :: 		
0x01CA	0xDFB4      	RCALL       _Delay_5500us
0x01CC	0xD001      	BRA         L_Lcd_Cmd1
L_Lcd_Cmd0:
;__Lib_Lcd.c,47 :: 		
0x01CE	0xDFBD      	RCALL       _Delay_50us
L_Lcd_Cmd1:
;__Lib_Lcd.c,48 :: 		
0x01D0	0x0012      	RETURN      0
; end of _Lcd_Cmd
_UART1_Write:
;__Lib_UART_c67.c,59 :: 		
;__Lib_UART_c67.c,60 :: 		
L_UART1_Write3:
0x01D2	0xB2AC      	BTFSC       TXSTA, 1 
0x01D4	0xD002      	BRA         L_UART1_Write4
;__Lib_UART_c67.c,61 :: 		
0x01D6	0x0000      	NOP
0x01D8	0xD7FC      	BRA         L_UART1_Write3
L_UART1_Write4:
;__Lib_UART_c67.c,62 :: 		
0x01DA	0xFFADC039  	MOVFF       FARG_UART1_Write_data_, TXREG
;__Lib_UART_c67.c,63 :: 		
0x01DE	0x0012      	RETURN      0
; end of _UART1_Write
_UART1_Read:
;__Lib_UART_c67.c,40 :: 		
;__Lib_UART_c67.c,43 :: 		
0x01E0	0xF026CFAE  	MOVFF       RCREG, ___tmp_UART1_Read
;__Lib_UART_c67.c,44 :: 		
0x01E4	0xA2AB      	BTFSS       RCSTA, 1 
0x01E6	0xD002      	BRA         L_UART1_Read2
;__Lib_UART_c67.c,45 :: 		
0x01E8	0x98AB      	BCF         RCSTA, 4 
;__Lib_UART_c67.c,46 :: 		
0x01EA	0x88AB      	BSF         RCSTA, 4 
;__Lib_UART_c67.c,47 :: 		
L_UART1_Read2:
;__Lib_UART_c67.c,48 :: 		
0x01EC	0xF000C026  	MOVFF       ___tmp_UART1_Read, R0
;__Lib_UART_c67.c,49 :: 		
0x01F0	0x0012      	RETURN      0
; end of _UART1_Read
_Lcd_Init:
;__Lib_Lcd.c,84 :: 		
;__Lib_Lcd.c,86 :: 		
0x01F2	0x9C93      	BCF         LCD_EN_Direction, BitPos(LCD_EN_Direction+0) 
;__Lib_Lcd.c,87 :: 		
0x01F4	0x9E93      	BCF         LCD_RS_Direction, BitPos(LCD_RS_Direction+0) 
;__Lib_Lcd.c,88 :: 		
0x01F6	0x9A93      	BCF         LCD_D4_Direction, BitPos(LCD_D4_Direction+0) 
;__Lib_Lcd.c,89 :: 		
0x01F8	0x9893      	BCF         LCD_D5_Direction, BitPos(LCD_D5_Direction+0) 
;__Lib_Lcd.c,90 :: 		
0x01FA	0x9693      	BCF         LCD_D6_Direction, BitPos(LCD_D6_Direction+0) 
;__Lib_Lcd.c,91 :: 		
0x01FC	0x9493      	BCF         LCD_D7_Direction, BitPos(LCD_D7_Direction+0) 
;__Lib_Lcd.c,93 :: 		
0x01FE	0x9C81      	BCF         LCD_EN, BitPos(LCD_EN+0) 
;__Lib_Lcd.c,94 :: 		
0x0200	0x9E81      	BCF         LCD_RS, BitPos(LCD_RS+0) 
;__Lib_Lcd.c,95 :: 		
0x0202	0x9481      	BCF         LCD_D7, BitPos(LCD_D7+0) 
;__Lib_Lcd.c,96 :: 		
0x0204	0x9681      	BCF         LCD_D6, BitPos(LCD_D6+0) 
;__Lib_Lcd.c,97 :: 		
0x0206	0x9881      	BCF         LCD_D5, BitPos(LCD_D5+0) 
;__Lib_Lcd.c,98 :: 		
0x0208	0x9A81      	BCF         LCD_D4, BitPos(LCD_D4+0) 
;__Lib_Lcd.c,100 :: 		
0x020A	0xDF94      	RCALL       _Delay_5500us
;__Lib_Lcd.c,101 :: 		
0x020C	0xDF93      	RCALL       _Delay_5500us
;__Lib_Lcd.c,102 :: 		
0x020E	0xDF92      	RCALL       _Delay_5500us
;__Lib_Lcd.c,105 :: 		
0x0210	0x8881      	BSF         LCD_D5, BitPos(LCD_D5+0) 
;__Lib_Lcd.c,106 :: 		
0x0212	0x8A81      	BSF         LCD_D4, BitPos(LCD_D4+0) 
;__Lib_Lcd.c,107 :: 		
0x0214	0x8C81      	BSF         LCD_EN, BitPos(LCD_EN+0) 
;__Lib_Lcd.c,108 :: 		
0x0216	0xDF97      	RCALL       _Delay_1us
;__Lib_Lcd.c,109 :: 		
0x0218	0x9C81      	BCF         LCD_EN, BitPos(LCD_EN+0) 
;__Lib_Lcd.c,110 :: 		
0x021A	0xDF8C      	RCALL       _Delay_5500us
;__Lib_Lcd.c,112 :: 		
0x021C	0x8C81      	BSF         LCD_EN, BitPos(LCD_EN+0) 
;__Lib_Lcd.c,113 :: 		
0x021E	0xDF93      	RCALL       _Delay_1us
;__Lib_Lcd.c,114 :: 		
0x0220	0x9C81      	BCF         LCD_EN, BitPos(LCD_EN+0) 
;__Lib_Lcd.c,115 :: 		
0x0222	0xDF88      	RCALL       _Delay_5500us
;__Lib_Lcd.c,117 :: 		
0x0224	0x8C81      	BSF         LCD_EN, BitPos(LCD_EN+0) 
;__Lib_Lcd.c,118 :: 		
0x0226	0xDF8F      	RCALL       _Delay_1us
;__Lib_Lcd.c,119 :: 		
0x0228	0x9C81      	BCF         LCD_EN, BitPos(LCD_EN+0) 
;__Lib_Lcd.c,120 :: 		
0x022A	0xDF84      	RCALL       _Delay_5500us
;__Lib_Lcd.c,123 :: 		
0x022C	0x9A81      	BCF         LCD_D4, BitPos(LCD_D4+0) 
;__Lib_Lcd.c,124 :: 		
0x022E	0x8C81      	BSF         LCD_EN, BitPos(LCD_EN+0) 
;__Lib_Lcd.c,125 :: 		
0x0230	0xDF8A      	RCALL       _Delay_1us
;__Lib_Lcd.c,126 :: 		
0x0232	0x9C81      	BCF         LCD_EN, BitPos(LCD_EN+0) 
;__Lib_Lcd.c,127 :: 		
0x0234	0xDF7F      	RCALL       _Delay_5500us
;__Lib_Lcd.c,130 :: 		
0x0236	0x8C81      	BSF         LCD_EN, BitPos(LCD_EN+0) 
;__Lib_Lcd.c,131 :: 		
0x0238	0xDF86      	RCALL       _Delay_1us
;__Lib_Lcd.c,132 :: 		
0x023A	0x9C81      	BCF         LCD_EN, BitPos(LCD_EN+0) 
;__Lib_Lcd.c,134 :: 		
0x023C	0x9881      	BCF         LCD_D5, BitPos(LCD_D5+0) 
;__Lib_Lcd.c,135 :: 		
0x023E	0x8481      	BSF         LCD_D7, BitPos(LCD_D7+0) 
;__Lib_Lcd.c,136 :: 		
0x0240	0x8C81      	BSF         LCD_EN, BitPos(LCD_EN+0) 
;__Lib_Lcd.c,137 :: 		
0x0242	0xDF81      	RCALL       _Delay_1us
;__Lib_Lcd.c,138 :: 		
0x0244	0x9C81      	BCF         LCD_EN, BitPos(LCD_EN+0) 
;__Lib_Lcd.c,139 :: 		
0x0246	0xDF76      	RCALL       _Delay_5500us
;__Lib_Lcd.c,142 :: 		
0x0248	0x9481      	BCF         LCD_D7, BitPos(LCD_D7+0) 
;__Lib_Lcd.c,143 :: 		
0x024A	0x8A81      	BSF         LCD_D4, BitPos(LCD_D4+0) 
;__Lib_Lcd.c,144 :: 		
0x024C	0x8C81      	BSF         LCD_EN, BitPos(LCD_EN+0) 
;__Lib_Lcd.c,145 :: 		
0x024E	0xDF7B      	RCALL       _Delay_1us
;__Lib_Lcd.c,146 :: 		
0x0250	0x9C81      	BCF         LCD_EN, BitPos(LCD_EN+0) 
;__Lib_Lcd.c,148 :: 		
0x0252	0x9A81      	BCF         LCD_D4, BitPos(LCD_D4+0) 
;__Lib_Lcd.c,149 :: 		
0x0254	0x8C81      	BSF         LCD_EN, BitPos(LCD_EN+0) 
;__Lib_Lcd.c,150 :: 		
0x0256	0xDF77      	RCALL       _Delay_1us
;__Lib_Lcd.c,151 :: 		
0x0258	0x9C81      	BCF         LCD_EN, BitPos(LCD_EN+0) 
;__Lib_Lcd.c,152 :: 		
0x025A	0xDF6C      	RCALL       _Delay_5500us
;__Lib_Lcd.c,155 :: 		
0x025C	0x8C81      	BSF         LCD_EN, BitPos(LCD_EN+0) 
;__Lib_Lcd.c,156 :: 		
0x025E	0xDF73      	RCALL       _Delay_1us
;__Lib_Lcd.c,157 :: 		
0x0260	0x9C81      	BCF         LCD_EN, BitPos(LCD_EN+0) 
;__Lib_Lcd.c,159 :: 		
0x0262	0x8A81      	BSF         LCD_D4, BitPos(LCD_D4+0) 
;__Lib_Lcd.c,160 :: 		
0x0264	0x8C81      	BSF         LCD_EN, BitPos(LCD_EN+0) 
;__Lib_Lcd.c,161 :: 		
0x0266	0xDF6F      	RCALL       _Delay_1us
;__Lib_Lcd.c,162 :: 		
0x0268	0x9C81      	BCF         LCD_EN, BitPos(LCD_EN+0) 
;__Lib_Lcd.c,163 :: 		
0x026A	0xDF64      	RCALL       _Delay_5500us
;__Lib_Lcd.c,166 :: 		
0x026C	0x9A81      	BCF         LCD_D4, BitPos(LCD_D4+0) 
;__Lib_Lcd.c,167 :: 		
0x026E	0x8C81      	BSF         LCD_EN, BitPos(LCD_EN+0) 
;__Lib_Lcd.c,168 :: 		
0x0270	0xDF6A      	RCALL       _Delay_1us
;__Lib_Lcd.c,169 :: 		
0x0272	0x9C81      	BCF         LCD_EN, BitPos(LCD_EN+0) 
;__Lib_Lcd.c,171 :: 		
0x0274	0x8481      	BSF         LCD_D7, BitPos(LCD_D7+0) 
;__Lib_Lcd.c,172 :: 		
0x0276	0x8681      	BSF         LCD_D6, BitPos(LCD_D6+0) 
;__Lib_Lcd.c,173 :: 		
0x0278	0x8881      	BSF         LCD_D5, BitPos(LCD_D5+0) 
;__Lib_Lcd.c,174 :: 		
0x027A	0x8A81      	BSF         LCD_D4, BitPos(LCD_D4+0) 
;__Lib_Lcd.c,175 :: 		
0x027C	0x8C81      	BSF         LCD_EN, BitPos(LCD_EN+0) 
;__Lib_Lcd.c,176 :: 		
0x027E	0xDF63      	RCALL       _Delay_1us
;__Lib_Lcd.c,177 :: 		
0x0280	0x9C81      	BCF         LCD_EN, BitPos(LCD_EN+0) 
;__Lib_Lcd.c,179 :: 		
0x0282	0xDF58      	RCALL       _Delay_5500us
;__Lib_Lcd.c,181 :: 		
0x0284	0x8028      	BSF         __Lib_Lcd_cmd_status, BitPos(__Lib_Lcd_cmd_status+0) 
;__Lib_Lcd.c,182 :: 		
0x0286	0x0012      	RETURN      0
; end of _Lcd_Init
___CC2DW:
;__Lib_System.c,21 :: 		
;__Lib_System.c,23 :: 		
_CC2DL_Loop1:
;__Lib_System.c,24 :: 		
0x0288	0x0009      	TBLRD*+
;__Lib_System.c,25 :: 		
0x028A	0xFFE6CFF5  	MOVFF       TABLAT, POSTINC1
;__Lib_System.c,26 :: 		
0x028E	0x0600      	DECF        R0, 1, 0
;__Lib_System.c,27 :: 		
0x0290	0xE1FB      	BNZ         _CC2DL_Loop1
;__Lib_System.c,28 :: 		
0x0292	0x0601      	DECF        R1, 1, 0
;__Lib_System.c,29 :: 		
0x0294	0xE1F9      	BNZ         _CC2DL_Loop1
;__Lib_System.c,31 :: 		
0x0296	0x0012      	RETURN      0
; end of ___CC2DW
_UART1_Init:
;__Lib_UART_c67.c,15 :: 		
;__Lib_UART_c67.c,18 :: 		
0x0298	0x0ED2      	MOVLW       _UART1_Write
0x029A	0x6E31      	MOVWF       _UART_Wr_Ptr 
0x029C	0x0E01      	MOVLW       hi_addr(_UART1_Write)
0x029E	0x6E32      	MOVWF       _UART_Wr_Ptr+1 
0x02A0	0x0E39      	MOVLW       FARG_UART1_Write_data_
0x02A2	0x6E33      	MOVWF       _UART_Wr_Ptr+2 
0x02A4	0x0E00      	MOVLW       hi_addr(FARG_UART1_Write_data_)
0x02A6	0x6E34      	MOVWF       _UART_Wr_Ptr+3 
;__Lib_UART_c67.c,19 :: 		
0x02A8	0x0EE0      	MOVLW       _UART1_Read
0x02AA	0x6E2D      	MOVWF       _UART_Rd_Ptr 
0x02AC	0x0E01      	MOVLW       hi_addr(_UART1_Read)
0x02AE	0x6E2E      	MOVWF       _UART_Rd_Ptr+1 
0x02B0	0x0E00      	MOVLW       0
0x02B2	0x6E2F      	MOVWF       _UART_Rd_Ptr+2 
0x02B4	0x0E00      	MOVLW       0
0x02B6	0x6E30      	MOVWF       _UART_Rd_Ptr+3 
;__Lib_UART_c67.c,20 :: 		
0x02B8	0x0EFF      	MOVLW       _UART1_Data_Ready
0x02BA	0x6E29      	MOVWF       _UART_Rdy_Ptr 
0x02BC	0x0EFF      	MOVLW       hi_addr(_UART1_Data_Ready)
0x02BE	0x6E2A      	MOVWF       _UART_Rdy_Ptr+1 
0x02C0	0x0E00      	MOVLW       0
0x02C2	0x6E2B      	MOVWF       _UART_Rdy_Ptr+2 
0x02C4	0x0E00      	MOVLW       0
0x02C6	0x6E2C      	MOVWF       _UART_Rdy_Ptr+3 
;__Lib_UART_c67.c,21 :: 		
0x02C8	0x0EFF      	MOVLW       _UART1_Tx_Idle
0x02CA	0x6E22      	MOVWF       _UART_Tx_Idle_Ptr 
0x02CC	0x0EFF      	MOVLW       hi_addr(_UART1_Tx_Idle)
0x02CE	0x6E23      	MOVWF       _UART_Tx_Idle_Ptr+1 
0x02D0	0x0E00      	MOVLW       0
0x02D2	0x6E24      	MOVWF       _UART_Tx_Idle_Ptr+2 
0x02D4	0x0E00      	MOVLW       0
0x02D6	0x6E25      	MOVWF       _UART_Tx_Idle_Ptr+3 
;__Lib_UART_c67.c,23 :: 		
0x02D8	0x8AAC      	BSF         TXSTA, 5 
;__Lib_UART_c67.c,24 :: 		
0x02DA	0x0E90      	MOVLW       144
0x02DC	0x6EAB      	MOVWF       RCSTA 
;__Lib_UART_c67.c,25 :: 		
0x02DE	0x8E94      	BSF         TRISC7_bit, 7 
;__Lib_UART_c67.c,26 :: 		
0x02E0	0x9C94      	BCF         TRISC6_bit, 6 
;__Lib_UART_c67.c,28 :: 		
L_UART1_Init0:
0x02E2	0xAA9E      	BTFSS       PIR1, 5 
0x02E4	0xD003      	BRA         L_UART1_Init1
;__Lib_UART_c67.c,29 :: 		
0x02E6	0xF000CFAE  	MOVFF       RCREG, R0
0x02EA	0xD7FB      	BRA         L_UART1_Init0
L_UART1_Init1:
;__Lib_UART_c67.c,30 :: 		
0x02EC	0x0012      	RETURN      0
; end of _UART1_Init
_Lcd_Chr_CP:
;__Lib_Lcd.c,50 :: 		
;__Lib_Lcd.c,52 :: 		
0x02EE	0x9028      	BCF         __Lib_Lcd_cmd_status, BitPos(__Lib_Lcd_cmd_status+0) 
;__Lib_Lcd.c,53 :: 		
0x02F0	0xF039C035  	MOVFF       FARG_Lcd_Chr_CP_out_char, FARG_Lcd_Cmd_out_char
0x02F4	0xDF30      	RCALL       _Lcd_Cmd
;__Lib_Lcd.c,54 :: 		
0x02F6	0x8028      	BSF         __Lib_Lcd_cmd_status, BitPos(__Lib_Lcd_cmd_status+0) 
;__Lib_Lcd.c,55 :: 		
0x02F8	0x0012      	RETURN      0
; end of _Lcd_Chr_CP
_UART1_Write_Text:
;__Lib_UART_c67.c,67 :: 		
;__Lib_UART_c67.c,68 :: 		
0x02FA	0x6A38      	CLRF        UART1_Write_Text_counter_L0 
;__Lib_UART_c67.c,70 :: 		
0x02FC	0xFFE9C035  	MOVFF       FARG_UART1_Write_Text_uart_text, FSR0L
0x0300	0xFFEAC036  	MOVFF       FARG_UART1_Write_Text_uart_text+1, FSR0H
0x0304	0xF037CFEE  	MOVFF       POSTINC0, UART1_Write_Text_data__L0
;__Lib_UART_c67.c,71 :: 		
L_UART1_Write_Text5:
0x0308	0x5037      	MOVF        UART1_Write_Text_data__L0, 0 
0x030A	0x0A00      	XORLW       0
0x030C	0xE00D      	BZ          L_UART1_Write_Text6
;__Lib_UART_c67.c,72 :: 		
0x030E	0xF039C037  	MOVFF       UART1_Write_Text_data__L0, FARG_UART1_Write_data_
0x0312	0xDF5F      	RCALL       _UART1_Write
;__Lib_UART_c67.c,73 :: 		
0x0314	0x2A38      	INCF        UART1_Write_Text_counter_L0, 1 
;__Lib_UART_c67.c,74 :: 		
0x0316	0x5038      	MOVF        UART1_Write_Text_counter_L0, 0 
0x0318	0x2435      	ADDWF       FARG_UART1_Write_Text_uart_text, 0 
0x031A	0x6EE9      	MOVWF       FSR0L 
0x031C	0x0E00      	MOVLW       0
0x031E	0x2036      	ADDWFC      FARG_UART1_Write_Text_uart_text+1, 0 
0x0320	0x6EEA      	MOVWF       FSR0H 
0x0322	0xF037CFEE  	MOVFF       POSTINC0, UART1_Write_Text_data__L0
;__Lib_UART_c67.c,75 :: 		
0x0326	0xD7F0      	BRA         L_UART1_Write_Text5
L_UART1_Write_Text6:
;__Lib_UART_c67.c,76 :: 		
0x0328	0x0012      	RETURN      0
; end of _UART1_Write_Text
_main:
0x032A	0x6A18      	CLRF        _x 
0x032C	0x6A19      	CLRF        25 
0x032E	0x0E72      	MOVLW       114
0x0330	0x6E1A      	MOVWF       ?lstr1_zigbee 
0x0332	0x0E65      	MOVLW       101
0x0334	0x6E1B      	MOVWF       27 
0x0336	0x0E61      	MOVLW       97
0x0338	0x6E1C      	MOVWF       28 
0x033A	0x0E64      	MOVLW       100
0x033C	0x6E1D      	MOVWF       29 
0x033E	0x0E79      	MOVLW       121
0x0340	0x6E1E      	MOVWF       30 
0x0342	0x6A1F      	CLRF        31 
;zigbee.c,65 :: 		void main() {
;zigbee.c,66 :: 		Lcd_Init();
0x0344	0xDF56      	RCALL       _Lcd_Init
;zigbee.c,67 :: 		INTCON=0b11000000;
0x0346	0x0EC0      	MOVLW       192
0x0348	0x6EF2      	MOVWF       INTCON 
;zigbee.c,68 :: 		PIE1=0b00100000;
0x034A	0x0E20      	MOVLW       32
0x034C	0x6E9D      	MOVWF       PIE1 
;zigbee.c,69 :: 		UART1_Init(9600);               // Initialize UART module at 9600 bps
0x034E	0x0E19      	MOVLW       25
0x0350	0x6EAF      	MOVWF       SPBRG 
0x0352	0x84AC      	BSF         TXSTA, 2, 0
0x0354	0xDFA1      	RCALL       _UART1_Init
;zigbee.c,70 :: 		Delay_ms(300);                  // Wait for UART module to stabilize
0x0356	0x0E02      	MOVLW       2
0x0358	0x6E0B      	MOVWF       R11, 0
0x035A	0x0E86      	MOVLW       134
0x035C	0x6E0C      	MOVWF       R12, 0
0x035E	0x0E99      	MOVLW       153
0x0360	0x6E0D      	MOVWF       R13, 0
L_main20:
0x0362	0x2E0D      	DECFSZ      R13, 1, 0
0x0364	0xD7FE      	BRA         L_main20
0x0366	0x2E0C      	DECFSZ      R12, 1, 0
0x0368	0xD7FC      	BRA         L_main20
0x036A	0x2E0B      	DECFSZ      R11, 1, 0
0x036C	0xD7FA      	BRA         L_main20
;zigbee.c,71 :: 		trisc=0b10000000;
0x036E	0x0E80      	MOVLW       128
0x0370	0x6E94      	MOVWF       TRISC 
;zigbee.c,72 :: 		portc=255;
0x0372	0x0EFF      	MOVLW       255
0x0374	0x6E82      	MOVWF       PORTC 
;zigbee.c,73 :: 		portc.f1=0;
0x0376	0x9282      	BCF         PORTC, 1 
;zigbee.c,74 :: 		portc.f2=0;
0x0378	0x9482      	BCF         PORTC, 2 
;zigbee.c,75 :: 		trisd=0;
0x037A	0x6A95      	CLRF        TRISD 
;zigbee.c,77 :: 		uart1_write_text("ready");
0x037C	0x0E1A      	MOVLW       ?lstr1_zigbee
0x037E	0x6E35      	MOVWF       FARG_UART1_Write_Text_uart_text 
0x0380	0x0E00      	MOVLW       hi_addr(?lstr1_zigbee)
0x0382	0x6E36      	MOVWF       FARG_UART1_Write_Text_uart_text+1 
0x0384	0xDFBA      	RCALL       _UART1_Write_Text
;zigbee.c,78 :: 		for(;;){
L_main21:
;zigbee.c,80 :: 		if(x==1)
0x0386	0x0E00      	MOVLW       0
0x0388	0x1819      	XORWF       _x+1, 0 
0x038A	0xE102      	BNZ         L__main29
0x038C	0x0E01      	MOVLW       1
0x038E	0x1818      	XORWF       _x, 0 
L__main29:
0x0390	0xE105      	BNZ         L_main24
;zigbee.c,82 :: 		Lcd_Chr_Cp(rr);
0x0392	0xF035C027  	MOVFF       _rr, FARG_Lcd_Chr_CP_out_char
0x0396	0xDFAB      	RCALL       _Lcd_Chr_CP
;zigbee.c,83 :: 		x=0;
0x0398	0x6A18      	CLRF        _x 
0x039A	0x6A19      	CLRF        _x+1 
;zigbee.c,84 :: 		}
L_main24:
;zigbee.c,87 :: 		}}
0x039C	0xD7F4      	BRA         L_main21
0x039E	0xD7FF      	BRA         $+0
; end of _main
Symbol List:
//** Routines locations **
//ADDRESS    SIZE    PROCEDURE
//----------------------------------------------
0x0008     [300]    _interrupt
0x0134      [18]    _Delay_5500us
0x0146       [4]    _Delay_1us
0x014A      [12]    _Delay_50us
0x0156     [124]    _Lcd_Cmd
0x01D2      [14]    _UART1_Write
0x01E0      [18]    _UART1_Read
0x01F2     [150]    _Lcd_Init
0x0288      [16]    ___CC2DW
0x0298      [86]    _UART1_Init
0x02EE      [12]    _Lcd_Chr_CP
0x02FA      [48]    _UART1_Write_Text
0x032A     [118]    _main
//** Variables locations ** 
//ADDRESS    SIZE    VARIABLE
//----------------------------------------------
0x0000       [1]    FLASH_Erase_64_SaveINTCON_L0
0x0000       [1]    EEPROM_Write_SaveINTCON_L0
0x0000       [1]    __Lib_SoftI2C_PutZerosToLATSda_temp_sda_L0
0x0000       [1]    __Lib_SoftI2C_PutZerosToLATScl_temp_scl_L0
0x0000       [1]    R0
0x0000       [1]    UART1_Init_tmp_L0
0x0000       [1]    SPI1_Write_tmp_L0
0x0001       [1]    __Lib_PS2_Wait_Falling_nsample_L0
0x0001       [2]    FLASH_Read_N_Bytes_i_L0
0x0001       [1]    FLASH_Write_8_i_L0
0x0001       [1]    FLASH_Erase_Write_64_i_L0
0x0001       [1]    I2C1_Rd_tmp_L0
0x0001       [1]    R1
0x0001       [1]    ispunct_rslt_L0
0x0002       [2]    strlen_cp_L0
0x0002       [1]    R2
0x0002       [2]    memset_pp_L0
0x0002       [1]    FLASH_Erase_Write_64_j_L0
0x0002       [2]    memcpy_dd_L0
0x0002       [1]    FLASH_Write_8_SaveINTCON_L0
0x0002       [2]    memchr_s_L0
0x0003       [1]    R3
0x0003       [1]    FLASH_Erase_Write_64_SaveINTCON_L0
0x0003       [2]    memmove_tt_L0
0x0004       [1]    R4
0x0004       [2]    strncpy_cp_L0
0x0004       [2]    strncat_cp_L0
0x0004       [2]    strcat_cp_L0
0x0004       [2]    frexp_pom_L0
0x0004       [2]    strcpy_cp_L0
0x0004       [2]    memcpy_ss_L0
0x0005       [1]    R5
0x0005       [2]    memmove_ff_L0
0x0006       [1]    R6
0x0007       [1]    R7
0x0008       [1]    R8
0x0009       [1]    R9
0x000A       [1]    R10
0x000B       [1]    R11
0x000C       [1]    R12
0x000D       [1]    R13
0x000E       [1]    R14
0x000F       [1]    R15
0x0010       [1]    R16
0x0011       [1]    R17
0x0012       [1]    R18
0x0013       [1]    R19
0x0014       [1]    R20
0x0018       [2]    _x
0x001A       [6]    ?lstr1_zigbee
0x0020       [2]    _i
0x0022       [4]    _UART_Tx_Idle_Ptr
0x0026       [1]    ___tmp_UART1_Read
0x0027       [1]    _rr
0x0028       [0]    __Lib_Lcd_cmd_status
0x0029       [4]    _UART_Rdy_Ptr
0x002D       [4]    _UART_Rd_Ptr
0x0031       [4]    _UART_Wr_Ptr
0x0035       [1]    FARG_Lcd_Chr_CP_out_char
0x0035       [2]    FARG_UART1_Write_Text_uart_text
0x0037       [1]    UART1_Write_Text_data__L0
0x0038       [1]    UART1_Write_Text_counter_L0
0x0039       [1]    FARG_UART1_Write_data_
0x0039       [1]    FARG_Lcd_Cmd_out_char
0x0F80       [0]    RA2_bit
0x0F80       [0]    RA6_bit
0x0F80       [0]    RA4_bit
0x0F80       [0]    RA5_bit
0x0F80       [0]    RA3_bit
0x0F80       [0]    RA0_bit
0x0F80       [1]    PORTA
0x0F80       [0]    RA1_bit
0x0F81       [0]    RB1_bit
0x0F81       [0]    RB2_bit
0x0F81       [0]    RB7_bit
0x0F81       [0]    RB0_bit
0x0F81       [0]    LCD_EN
0x0F81       [1]    PORTB
0x0F81       [0]    LCD_RS
0x0F81       [0]    RB6_bit
0x0F81       [0]    RB4_bit
0x0F81       [0]    RB5_bit
0x0F81       [0]    LCD_D7
0x0F81       [0]    RB3_bit
0x0F81       [0]    LCD_D4
0x0F81       [0]    LCD_D6
0x0F81       [0]    LCD_D5
0x0F82       [0]    RC6_bit
0x0F82       [0]    RC7_bit
0x0F82       [0]    RC1_bit
0x0F82       [0]    RC0_bit
0x0F82       [1]    PORTC
0x0F82       [0]    RC2_bit
0x0F82       [0]    RC5_bit
0x0F82       [0]    RC4_bit
0x0F82       [0]    RC3_bit
0x0F83       [1]    PORTD
0x0F83       [0]    RD3_bit
0x0F83       [0]    RD4_bit
0x0F83       [0]    s1
0x0F83       [0]    RD0_bit
0x0F83       [0]    RD1_bit
0x0F83       [0]    RD2_bit
0x0F83       [0]    RD5_bit
0x0F83       [0]    RD7_bit
0x0F83       [0]    s3
0x0F83       [0]    br1
0x0F83       [0]    s2
0x0F83       [0]    RD6_bit
0x0F84       [0]    RE1_bit
0x0F84       [0]    RE0_bit
0x0F84       [1]    PORTE
0x0F84       [0]    RE2_bit
0x0F89       [1]    LATA
0x0F89       [0]    LATA2_bit
0x0F89       [0]    LATA1_bit
0x0F89       [0]    LATA0_bit
0x0F89       [0]    LATA3_bit
0x0F89       [0]    LATA6_bit
0x0F89       [0]    LATA5_bit
0x0F89       [0]    LATA4_bit
0x0F8A       [0]    LATB7_bit
0x0F8A       [0]    LATB2_bit
0x0F8A       [0]    LATB3_bit
0x0F8A       [0]    LATB0_bit
0x0F8A       [0]    LATB1_bit
0x0F8A       [0]    LATB5_bit
0x0F8A       [0]    LATB6_bit
0x0F8A       [1]    LATB
0x0F8A       [0]    LATB4_bit
0x0F8B       [0]    LATC3_bit
0x0F8B       [0]    LATC4_bit
0x0F8B       [0]    LATC2_bit
0x0F8B       [0]    LATC0_bit
0x0F8B       [0]    LATC1_bit
0x0F8B       [0]    LATC5_bit
0x0F8B       [1]    LATC
0x0F8B       [0]    LATC7_bit
0x0F8B       [0]    LATC6_bit
0x0F8C       [0]    LATD3_bit
0x0F8C       [0]    LATD4_bit
0x0F8C       [0]    LATD2_bit
0x0F8C       [0]    LATD1_bit
0x0F8C       [0]    LATD0_bit
0x0F8C       [0]    LATD7_bit
0x0F8C       [1]    LATD
0x0F8C       [0]    LATD5_bit
0x0F8C       [0]    LATD6_bit
0x0F8D       [0]    LATE1_bit
0x0F8D       [0]    LATE0_bit
0x0F8D       [1]    LATE
0x0F8D       [0]    LATE2_bit
0x0F92       [0]    TRISA2_bit
0x0F92       [0]    TRISA1_bit
0x0F92       [0]    TRISA0_bit
0x0F92       [0]    TRISA3_bit
0x0F92       [0]    TRISA6_bit
0x0F92       [1]    TRISA
0x0F92       [0]    TRISA4_bit
0x0F92       [0]    TRISA5_bit
0x0F93       [0]    LCD_EN_Direction
0x0F93       [0]    LCD_RS_Direction
0x0F93       [1]    TRISB
0x0F93       [0]    LCD_D6_Direction
0x0F93       [0]    LCD_D7_Direction
0x0F93       [0]    LCD_D4_Direction
0x0F93       [0]    LCD_D5_Direction
0x0F93       [0]    TRISB5_bit
0x0F93       [0]    TRISB4_bit
0x0F93       [0]    TRISB7_bit
0x0F93       [0]    TRISB6_bit
0x0F93       [0]    TRISB3_bit
0x0F93       [0]    TRISB1_bit
0x0F93       [0]    TRISB0_bit
0x0F93       [0]    TRISB2_bit
0x0F94       [1]    TRISC
0x0F94       [0]    TRISC5_bit
0x0F94       [0]    TRISC1_bit
0x0F94       [0]    TRISC7_bit
0x0F94       [0]    TRISC6_bit
0x0F94       [0]    TRISC0_bit
0x0F94       [0]    TRISC4_bit
0x0F94       [0]    TRISC2_bit
0x0F94       [0]    TRISC3_bit
0x0F95       [0]    TRISD2_bit
0x0F95       [1]    TRISD
0x0F95       [0]    TRISD7_bit
0x0F95       [0]    TRISD6_bit
0x0F95       [0]    TRISD5_bit
0x0F95       [0]    TRISD0_bit
0x0F95       [0]    TRISD1_bit
0x0F95       [0]    TRISD4_bit
0x0F95       [0]    TRISD3_bit
0x0F96       [1]    TRISE
0x0F96       [0]    TRISE2_bit
0x0F96       [0]    OBF_bit
0x0F96       [0]    IBF_bit
0x0F96       [0]    PSPMODE_bit
0x0F96       [0]    IBOV_bit
0x0F96       [0]    PSPMODE_TRISE_bit
0x0F96       [0]    OBF_TRISE_bit
0x0F96       [0]    IBF_TRISE_bit
0x0F96       [0]    TRISE0_bit
0x0F96       [0]    TRISE1_bit
0x0F96       [0]    IBOV_TRISE_bit
0x0F9D       [0]    CCP1IE_bit
0x0F9D       [0]    SSPIE_bit
0x0F9D       [0]    TXIE_bit
0x0F9D       [0]    TMR2IE_bit
0x0F9D       [0]    PSPIE_bit
0x0F9D       [1]    PIE1
0x0F9D       [0]    ADIE_bit
0x0F9D       [0]    TMR1IE_bit
0x0F9D       [0]    RCIE_bit
0x0F9E       [0]    RCIF_bit
0x0F9E       [0]    ADIF_bit
0x0F9E       [0]    PSPIF_bit
0x0F9E       [0]    TXIF_bit
0x0F9E       [0]    TMR2IF_bit
0x0F9E       [0]    CCP1IF_bit
0x0F9E       [0]    SSPIF_bit
0x0F9E       [1]    PIR1
0x0F9E       [0]    TMR1IF_bit
0x0F9F       [0]    TXIP_bit
0x0F9F       [0]    RCIP_bit
0x0F9F       [1]    IPR1
0x0F9F       [0]    TMR2IP_bit
0x0F9F       [0]    TMR1IP_bit
0x0F9F       [0]    SSPIP_bit
0x0F9F       [0]    CCP1IP_bit
0x0F9F       [0]    PSPIP_bit
0x0F9F       [0]    ADIP_bit
0x0FA0       [0]    BCLIE_bit
0x0FA0       [0]    EEIE_bit
0x0FA0       [0]    LVDIE_bit
0x0FA0       [0]    CCP2IE_bit
0x0FA0       [0]    TMR3IE_bit
0x0FA0       [1]    PIE2
0x0FA1       [0]    TMR3IF_bit
0x0FA1       [0]    CCP2IF_bit
0x0FA1       [0]    EEIF_bit
0x0FA1       [0]    BCLIF_bit
0x0FA1       [0]    LVDIF_bit
0x0FA1       [1]    PIR2
0x0FA2       [0]    TMR3IP_bit
0x0FA2       [0]    CCP2IP_bit
0x0FA2       [0]    LVDIP_bit
0x0FA2       [0]    EEIP_bit
0x0FA2       [0]    BCLIP_bit
0x0FA2       [1]    IPR2
0x0FA6       [0]    WREN_bit
0x0FA6       [0]    WRERR_bit
0x0FA6       [0]    WR_bit
0x0FA6       [0]    FREE_bit
0x0FA6       [0]    RD_bit
0x0FA6       [1]    EECON1
0x0FA6       [0]    EEPGD_bit
0x0FA6       [0]    CFGS_bit
0x0FA7       [1]    EECON2
0x0FA8       [1]    EEDATA
0x0FA9       [1]    EEADR
0x0FAB       [0]    NOT_RC8_bit
0x0FAB       [0]    RC8_9_bit
0x0FAB       [0]    SREN_bit
0x0FAB       [0]    SPEN_bit
0x0FAB       [0]    RX9_bit
0x0FAB       [0]    RC9_bit
0x0FAB       [0]    CREN_bit
0x0FAB       [0]    RX9D_bit
0x0FAB       [0]    RCD8_bit
0x0FAB       [1]    RCSTA
0x0FAB       [0]    ADDEN_bit
0x0FAB       [0]    FERR_bit
0x0FAB       [0]    OERR_bit
0x0FAC       [0]    TRMT_bit
0x0FAC       [0]    BRGH_bit
0x0FAC       [0]    NOT_TX8_bit
0x0FAC       [0]    TXD8_bit
0x0FAC       [0]    TX9D_bit
0x0FAC       [0]    TX9_bit
0x0FAC       [0]    TXEN_bit
0x0FAC       [0]    CSRC_bit
0x0FAC       [0]    TX8_9_bit
0x0FAC       [0]    SYNC_bit
0x0FAC       [1]    TXSTA
0x0FAD       [1]    TXREG
0x0FAE       [1]    RCREG
0x0FAF       [1]    SPBRG
0x0FB1       [0]    RD16_T3CON_bit
0x0FB1       [0]    TMR3ON_bit
0x0FB1       [0]    T3SYNC_bit
0x0FB1       [0]    T3CCP1_bit
0x0FB1       [0]    T3CKPS0_bit
0x0FB1       [0]    T3CCP2_bit
0x0FB1       [0]    T3CKPS1_bit
0x0FB1       [1]    T3CON
0x0FB1       [0]    NOT_T3SYNC_bit
0x0FB1       [0]    T3INSYNC_bit
0x0FB1       [0]    TMR3CS_bit
0x0FB2       [1]    TMR3L
0x0FB3       [1]    TMR3H
0x0FBA       [0]    CCP2Y_bit
0x0FBA       [0]    DC2B0_bit
0x0FBA       [0]    CCP2X_bit
0x0FBA       [0]    DC2B1_bit
0x0FBA       [0]    CCP2M3_bit
0x0FBA       [0]    CCP2M0_bit
0x0FBA       [1]    CCP2CON
0x0FBA       [0]    CCP2M2_bit
0x0FBA       [0]    CCP2M1_bit
0x0FBB       [1]    CCPR2L
0x0FBB       [2]    CCPR2
0x0FBC       [1]    CCPR2H
0x0FBD       [0]    DC1B1_bit
0x0FBD       [0]    CCP1M3_bit
0x0FBD       [0]    CCP1M2_bit
0x0FBD       [0]    DC1B0_bit
0x0FBD       [0]    CCP1Y_bit
0x0FBD       [0]    CCP1X_bit
0x0FBD       [0]    CCP1M1_bit
0x0FBD       [0]    CCP1M0_bit
0x0FBD       [1]    CCP1CON
0x0FBE       [2]    CCPR1
0x0FBE       [1]    CCPR1L
0x0FBF       [1]    CCPR1H
0x0FC1       [1]    ADCON1
0x0FC1       [0]    PCFG3_bit
0x0FC1       [0]    PCFG0_bit
0x0FC1       [0]    PCFG2_bit
0x0FC1       [0]    PCFG1_bit
0x0FC1       [0]    ADFM_bit
0x0FC1       [0]    ADCS2_bit
0x0FC2       [0]    ADON_bit
0x0FC2       [1]    ADCON0
0x0FC2       [0]    ADCS1_bit
0x0FC2       [0]    GO_bit
0x0FC2       [0]    NOT_DONE_bit
0x0FC2       [0]    CHS0_bit
0x0FC2       [0]    CHS2_bit
0x0FC2       [0]    CHS1_bit
0x0FC2       [0]    ADCS0_bit
0x0FC2       [0]    GO_DONE_bit
0x0FC2       [0]    DONE_bit
0x0FC3       [1]    ADRESL
0x0FC3       [2]    ADRES
0x0FC4       [1]    ADRESH
0x0FC5       [0]    ACKEN_bit
0x0FC5       [0]    RCEN_bit
0x0FC5       [0]    GCEN_bit
0x0FC5       [0]    ACKDT_bit
0x0FC5       [0]    PEN_bit
0x0FC5       [1]    SSPCON2
0x0FC5       [0]    RSEN_bit
0x0FC5       [0]    SEN_bit
0x0FC5       [0]    ACKSTAT_bit
0x0FC6       [0]    SSPM0_bit
0x0FC6       [0]    SSPM1_bit
0x0FC6       [1]    SSPCON1
0x0FC6       [0]    CKP_bit
0x0FC6       [0]    SSPOV_bit
0x0FC6       [0]    SSPM3_bit
0x0FC6       [0]    SSPM2_bit
0x0FC6       [0]    SSPEN_bit
0x0FC6       [0]    WCOL_bit
0x0FC7       [0]    UA_bit
0x0FC7       [0]    BF_bit
0x0FC7       [0]    I2C_START__bit
0x0FC7       [0]    R_bit
0x0FC7       [0]    R_W_bit
0x0FC7       [0]    NOT_W_bit
0x0FC7       [0]    NOT_WRITE_bit
0x0FC7       [1]    SSPSTAT
0x0FC7       [0]    READ_WRITE_bit
0x0FC7       [0]    I2C_READ_bit
0x0FC7       [0]    I2C_DAT_bit
0x0FC7       [0]    NOT_A_bit
0x0FC7       [0]    D_bit
0x0FC7       [0]    SMP_bit
0x0FC7       [0]    CKE_bit
0x0FC7       [0]    NOT_ADDRESS_bit
0x0FC7       [0]    S_bit
0x0FC7       [0]    I2C_STOP__bit
0x0FC7       [0]    P_bit
0x0FC7       [0]    D_A_bit
0x0FC7       [0]    DATA_ADDRESS_bit
0x0FC8       [1]    SSPADD
0x0FC9       [1]    SSPBUF
0x0FCA       [0]    TMR2ON_bit
0x0FCA       [0]    TOUTPS0_bit
0x0FCA       [0]    TOUTPS3_bit
0x0FCA       [0]    TOUTPS2_bit
0x0FCA       [0]    TOUTPS1_bit
0x0FCA       [0]    T2CKPS1_bit
0x0FCA       [0]    T2CKPS0_bit
0x0FCA       [1]    T2CON
0x0FCB       [1]    PR2
0x0FCC       [1]    TMR2
0x0FCD       [0]    T1SYNC_bit
0x0FCD       [0]    TMR1ON_bit
0x0FCD       [0]    TMR1CS_bit
0x0FCD       [0]    RD16_bit
0x0FCD       [0]    T1INSYNC_bit
0x0FCD       [0]    T1CKPS0_bit
0x0FCD       [0]    T1CKPS1_bit
0x0FCD       [1]    T1CON
0x0FCD       [0]    NOT_T1SYNC_bit
0x0FCD       [0]    T1OSCEN_bit
0x0FCE       [1]    TMR1L
0x0FCF       [1]    TMR1H
0x0FD0       [0]    RI_bit
0x0FD0       [0]    IPEN_bit
0x0FD0       [0]    NOT_RI_bit
0x0FD0       [0]    BOR_bit
0x0FD0       [0]    POR_bit
0x0FD0       [0]    NOT_POR_bit
0x0FD0       [1]    RCON
0x0FD0       [0]    NOT_BOR_bit
0x0FD0       [0]    TO__bit
0x0FD0       [0]    NOT_TO_bit
0x0FD0       [0]    PD_bit
0x0FD0       [0]    NOT_PD_bit
0x0FD1       [1]    WDTCON
0x0FD1       [0]    SWDTEN_bit
0x0FD1       [0]    SWDTE_bit
0x0FD2       [0]    LVDL1_bit
0x0FD2       [0]    LVDL0_bit
0x0FD2       [0]    LVDL2_bit
0x0FD2       [0]    LVDEN_bit
0x0FD2       [0]    IRVST_bit
0x0FD2       [1]    LVDCON
0x0FD2       [0]    LVDL3_bit
0x0FD3       [0]    SCS_bit
0x0FD3       [1]    OSCCON
0x0FD5       [0]    T08BIT_bit
0x0FD5       [0]    T0CS_bit
0x0FD5       [1]    T0CON
0x0FD5       [0]    TMR0ON_bit
0x0FD5       [0]    T0SE_bit
0x0FD5       [0]    T0PS1_bit
0x0FD5       [0]    T0PS0_bit
0x0FD5       [0]    PSA_bit
0x0FD5       [0]    T0PS2_bit
0x0FD6       [1]    TMR0L
0x0FD7       [1]    TMR0H
0x0FD8       [1]    STATUS
0x0FD8       [0]    OV_bit
0x0FD8       [0]    N_bit
0x0FD8       [0]    Z_bit
0x0FD8       [0]    C_bit
0x0FD8       [0]    DC_bit
0x0FD9       [2]    FSR2
0x0FD9       [2]    FSR2PTR
0x0FD9       [1]    FSR2L
0x0FDA       [1]    FSR2H
0x0FDB       [1]    PLUSW2
0x0FDC       [1]    PREINC2
0x0FDD       [1]    POSTDEC2
0x0FDE       [1]    POSTINC2
0x0FDF       [1]    INDF2
0x0FE0       [1]    BSR
0x0FE1       [2]    FSR1PTR
0x0FE1       [2]    FSR1
0x0FE1       [1]    FSR1L
0x0FE2       [1]    FSR1H
0x0FE3       [1]    PLUSW1
0x0FE4       [1]    PREINC1
0x0FE5       [1]    POSTDEC1
0x0FE6       [1]    POSTINC1
0x0FE7       [1]    INDF1
0x0FE8       [1]    WREG
0x0FE9       [2]    FSR0PTR
0x0FE9       [2]    FSR0
0x0FE9       [1]    FSR0L
0x0FEA       [1]    FSR0H
0x0FEB       [1]    PLUSW0
0x0FEC       [1]    PREINC0
0x0FED       [1]    POSTDEC0
0x0FEE       [1]    POSTINC0
0x0FEF       [1]    INDF0
0x0FF0       [0]    INT2IP_bit
0x0FF0       [1]    INTCON3
0x0FF0       [0]    INT1IP_bit
0x0FF0       [0]    INT2IF_bit
0x0FF0       [0]    INT1IF_bit
0x0FF0       [0]    INT1IE_bit
0x0FF0       [0]    INT2IE_bit
0x0FF1       [1]    INTCON2
0x0FF1       [0]    INTEDG0_bit
0x0FF1       [0]    INTEDG1_bit
0x0FF1       [0]    NOT_RBPU_bit
0x0FF1       [0]    RBPU_bit
0x0FF1       [0]    T0IP_bit
0x0FF1       [0]    RBIP_bit
0x0FF1       [0]    INTEDG2_bit
0x0FF1       [0]    TMR0IP_bit
0x0FF2       [0]    RBIE_bit
0x0FF2       [0]    TMR0IF_bit
0x0FF2       [0]    INT0IE_bit
0x0FF2       [0]    INT0E_bit
0x0FF2       [0]    INT0F_bit
0x0FF2       [0]    RBIF_bit
0x0FF2       [0]    T0IF_bit
0x0FF2       [0]    INT0IF_bit
0x0FF2       [0]    T0IE_bit
0x0FF2       [0]    TMR0IE_bit
0x0FF2       [1]    INTCON
0x0FF2       [1]    INTCON1
0x0FF2       [0]    GIEH_bit
0x0FF2       [0]    GIE_bit
0x0FF2       [0]    GIEL_bit
0x0FF2       [0]    PEIE_bit
0x0FF3       [1]    PRODL
0x0FF3       [2]    PROD
0x0FF4       [1]    PRODH
0x0FF5       [1]    TABLAT
0x0FF6       [3]    TBLPTR
0x0FF6       [1]    TBLPTRL
0x0FF7       [1]    TBLPTRH
0x0FF8       [0]    TBLPTRU4_bit
0x0FF8       [0]    ACSS_bit
0x0FF8       [0]    TBLPTRU1_bit
0x0FF8       [0]    TBLPTRU0_bit
0x0FF8       [0]    TBLPTRU3_bit
0x0FF8       [0]    TBLPTRU2_bit
0x0FF8       [1]    TBLPTRU
0x0FF9       [1]    PCL
0x0FFA       [1]    PCLATH
0x0FFB       [0]    PCU3_bit
0x0FFB       [0]    PCU4_bit
0x0FFB       [0]    PCU2_bit
0x0FFB       [0]    PCU0_bit
0x0FFB       [0]    PCU1_bit
0x0FFB       [1]    PCLATU
0x0FFC       [0]    STKFUL_bit
0x0FFC       [0]    STKUNF_bit
0x0FFC       [1]    STKPTR
0x0FFD       [1]    TOSL
0x0FFE       [1]    TOSH
0x0FFF       [1]    TOSU
//** Label List: ** 
//----------------------------------------------
  L_interrupt0
  L_interrupt1
  L_interrupt2
  L_interrupt3
  L_interrupt4
  L_interrupt5
  L_interrupt6
  L_interrupt7
  L_interrupt8
  L_interrupt9
  L_interrupt10
  L_interrupt11
  L_interrupt12
  L_interrupt13
  L_interrupt14
  L_interrupt15
  L_interrupt16
  L_interrupt17
  L_interrupt18
  L_interrupt19
  L_main20
  L_main21
  L_main22
  L_main23
  L_main24
  _interrupt
  L__interrupt25
  L__interrupt26
  L__interrupt27
  L__interrupt28
  _main
  L__main29
  L_Delay_10us0
  L_Delay_22us1
  L_Delay_50us2
  L_Delay_80us3
  L_Delay_500us4
  L_Delay_5500us5
  L_Delay_8ms6
  L_Delay_100ms7
  L_Delay_10ms8
  L_Delay_1sec9
  L____Boot_Delay4k10
  L____Boot_Delay8k11
  L____Boot_Delay12k12
  L____Boot_Delay16k13
  L____Boot_Delay24k14
  L____Boot_Delay32k15
  L____Boot_Delay48k16
  L____Boot_Delay64k17
  L____Boot_Delay128k18
  L_Delay_Cyc19
  L_Delay_Cyc20
  L_VDelay_ms21
  L_VDelay_ms22
  L_VDelay_ms23
  L_VDelay_Advanced_ms24
  L_VDelay_Advanced_ms25
  L_VDelay_Advanced_ms26
  _Get_Fosc_kHz
  _Delay_1us
  _Delay_10us
  _Delay_22us
  _Delay_50us
  _Delay_80us
  _Delay_500us
  _Delay_5500us
  _Delay_8ms
  _Delay_100ms
  _Delay_10ms
  _Delay_1sec
  ____Boot_Delay4k
  ____Boot_Delay8k
  ____Boot_Delay12k
  ____Boot_Delay16k
  ____Boot_Delay24k
  ____Boot_Delay32k
  ____Boot_Delay48k
  ____Boot_Delay64k
  ____Boot_Delay128k
  _Delay_Cyc
  _VDelay_ms
  L__VDelay_ms27
  L__VDelay_ms28
  L__VDelay_ms29
  _VDelay_Advanced_ms
  L__VDelay_Advanced_ms30
  L__VDelay_Advanced_ms31
  L__VDelay_Advanced_ms32
  L_Lcd_Cmd0
  L_Lcd_Cmd1
  L_Lcd_Out_CP2
  L_Lcd_Out_CP3
  L_Lcd_Chr4
  L_Lcd_Chr5
  L_Lcd_Chr6
  L_Lcd_Chr7
  L_Lcd_Chr8
  L_Lcd_Chr9
  L_Lcd_Chr10
  L_Lcd_Out11
  L_Lcd_Out12
  L_Lcd_Out13
  L_Lcd_Out14
  L_Lcd_Out15
  L_Lcd_Out16
  L_Lcd_Out17
  L_Lcd_Out18
  L_Lcd_Out19
  _Lcd_Cmd
  L__Lcd_Cmd20
  L__Lcd_Cmd21
  L__Lcd_Cmd22
  L__Lcd_Cmd23
  L__Lcd_Cmd24
  L__Lcd_Cmd25
  L__Lcd_Cmd26
  L__Lcd_Cmd27
  L__Lcd_Cmd28
  L__Lcd_Cmd29
  L__Lcd_Cmd30
  L__Lcd_Cmd31
  L__Lcd_Cmd32
  L__Lcd_Cmd33
  L__Lcd_Cmd34
  L__Lcd_Cmd35
  L__Lcd_Cmd36
  L__Lcd_Cmd37
  L__Lcd_Cmd38
  L__Lcd_Cmd39
  _Lcd_Chr_CP
  _Lcd_Out_CP
  _Lcd_Chr
  _Lcd_Init
  _Lcd_Out
  _CC2D_Loop1
  _CC2DL_Loop1
  L_longjmp2
  ___CC2D
  ___CC2DW
  _____DoIFC
  _Swap
  _setjmp
  _longjmp
  L_UART1_Init0
  L_UART1_Init1
  L_UART1_Read2
  L_UART1_Write3
  L_UART1_Write4
  L_UART1_Write_Text5
  L_UART1_Write_Text6
  L_UART1_Read_Text7
  L_UART1_Read_Text8
  L_UART1_Read_Text9
  L_UART1_Read_Text10
  L_UART1_Read_Text11
  L_UART1_Read_Text12
  L_UART1_Read_Text13
  L_UART1_Read_Text14
  L_UART1_Read_Text15
  _UART1_Init
  _UART1_Data_Ready
  _UART1_Read
  _UART1_Tx_Idle
  _UART1_Write
  _UART1_Write_Text
  _UART1_Read_Text
  _UART_Set_Active
  L_interrupt0
  L_interrupt1
  L_interrupt2
  L_interrupt3
  L_interrupt4
  L_interrupt5
  L_interrupt6
  L_interrupt7
  L_interrupt8
  L_interrupt9
  L_interrupt10
  L_interrupt11
  L_interrupt12
  L_interrupt13
  L_interrupt14
  L_interrupt15
  L_interrupt16
  L_interrupt17
  L_interrupt18
  L_interrupt19
  L_main20
  L_main21
  L_main22
  L_main23
  L_main24
  _interrupt
  L__interrupt25
  L__interrupt26
  L__interrupt27
  L__interrupt28
  _main
  L__main29
  L_UART1_Init0
  L_UART1_Init1
  L_UART1_Read2
  L_UART1_Write3
  L_UART1_Write4
  L_UART1_Write_Text5
  L_UART1_Write_Text6
  L_UART1_Read_Text7
  L_UART1_Read_Text8
  L_UART1_Read_Text9
  L_UART1_Read_Text10
  L_UART1_Read_Text11
  L_UART1_Read_Text12
  L_UART1_Read_Text13
  L_UART1_Read_Text14
  L_UART1_Read_Text15
  _UART1_Init
  _UART1_Data_Ready
  _UART1_Read
  _UART1_Tx_Idle
  _UART1_Write
  _UART1_Write_Text
  _UART1_Read_Text
  _UART_Set_Active
